BioMart output contains 193 rows over 30 unique genes.
30 unique genes left after removing rows without RefSeq peptide ID.
30 RefSeq peptide IDs found!
Making ACTC1 annotated VCFs ...
Fetching ACTC1 RefSeq FASTA file ...
Preparing annotation table ...
Filtering and tagging pop-level VCF ...
PLINK v2.00a2LM 64-bit Intel (27 May 2019)     www.cog-genomics.org/plink/2.0/
(C) 2005-2019 Shaun Purcell, Christopher Chang   GNU General Public License v3
Logging to ../data/temp/unannot_vcf/ACTC1.id.filtered.log.
Options in effect:
  --export vcf bgz
  --extract ../data/temp/variant_ids/ACTC1.variant.ids.txt
  --id-delim _
  --out ../data/temp/unannot_vcf/ACTC1.id.filtered
  --vcf ../data/temp/unannot_vcf/ACTC1.region.filtered.vcf.gz

Start time: Thu Nov 17 22:48:05 2022
257673 MiB RAM detected; reserving 128836 MiB for main workspace.
Using up to 28 threads (change this with --threads).

End time: Thu Nov 17 22:48:05 2022
Top 5 rows:
*****
Annotating pop-level VCF file ...
Top 5 variants:
*****
Creating variant table file ...
Creating variant call list ...
Creating VCF header file (to extract sample names) ...
Making ACTC1 data and plots ...
Done.
Making ACTN2 annotated VCFs ...
Fetching ACTN2 RefSeq FASTA file ...
Preparing annotation table ...
Filtering and tagging pop-level VCF ...
PLINK v2.00a2LM 64-bit Intel (27 May 2019)     www.cog-genomics.org/plink/2.0/
(C) 2005-2019 Shaun Purcell, Christopher Chang   GNU General Public License v3
Logging to ../data/temp/unannot_vcf/ACTN2.id.filtered.log.
Options in effect:
  --export vcf bgz
  --extract ../data/temp/variant_ids/ACTN2.variant.ids.txt
  --id-delim _
  --out ../data/temp/unannot_vcf/ACTN2.id.filtered
  --vcf ../data/temp/unannot_vcf/ACTN2.region.filtered.vcf.gz

Start time: Thu Nov 17 22:48:09 2022
257673 MiB RAM detected; reserving 128836 MiB for main workspace.
Using up to 28 threads (change this with --threads).

End time: Thu Nov 17 22:48:09 2022
Top 5 rows:
*****
Annotating pop-level VCF file ...
Top 5 variants:
*****
Creating variant table file ...
Creating variant call list ...
Creating VCF header file (to extract sample names) ...
Making ACTN2 data and plots ...
Done.
Making ALPK3 annotated VCFs ...
Fetching ALPK3 RefSeq FASTA file ...
Preparing annotation table ...
Filtering and tagging pop-level VCF ...
PLINK v2.00a2LM 64-bit Intel (27 May 2019)     www.cog-genomics.org/plink/2.0/
(C) 2005-2019 Shaun Purcell, Christopher Chang   GNU General Public License v3
Logging to ../data/temp/unannot_vcf/ALPK3.id.filtered.log.
Options in effect:
  --export vcf bgz
  --extract ../data/temp/variant_ids/ALPK3.variant.ids.txt
  --id-delim _
  --out ../data/temp/unannot_vcf/ALPK3.id.filtered
  --vcf ../data/temp/unannot_vcf/ALPK3.region.filtered.vcf.gz

Start time: Thu Nov 17 22:48:12 2022
257673 MiB RAM detected; reserving 128836 MiB for main workspace.
Using up to 28 threads (change this with --threads).

End time: Thu Nov 17 22:48:12 2022
Top 5 rows:
*****
Annotating pop-level VCF file ...
Top 5 variants:
*****
Creating variant table file ...
Creating variant call list ...
Creating VCF header file (to extract sample names) ...
Making ALPK3 data and plots ...
Done.
Making CASQ2 annotated VCFs ...
Fetching CASQ2 RefSeq FASTA file ...
Preparing annotation table ...
Filtering and tagging pop-level VCF ...
PLINK v2.00a2LM 64-bit Intel (27 May 2019)     www.cog-genomics.org/plink/2.0/
(C) 2005-2019 Shaun Purcell, Christopher Chang   GNU General Public License v3
Logging to ../data/temp/unannot_vcf/CASQ2.id.filtered.log.
Options in effect:
  --export vcf bgz
  --extract ../data/temp/variant_ids/CASQ2.variant.ids.txt
  --id-delim _
  --out ../data/temp/unannot_vcf/CASQ2.id.filtered
  --vcf ../data/temp/unannot_vcf/CASQ2.region.filtered.vcf.gz

Start time: Thu Nov 17 22:48:15 2022
257673 MiB RAM detected; reserving 128836 MiB for main workspace.
Using up to 28 threads (change this with --threads).

End time: Thu Nov 17 22:48:15 2022
Top 5 rows:
*****
Annotating pop-level VCF file ...
Top 5 variants:
*****
Creating variant table file ...
Creating variant call list ...
Creating VCF header file (to extract sample names) ...
Making CASQ2 data and plots ...
Done.
Making CAV3 annotated VCFs ...
Fetching CAV3 RefSeq FASTA file ...
Preparing annotation table ...
Filtering and tagging pop-level VCF ...
PLINK v2.00a2LM 64-bit Intel (27 May 2019)     www.cog-genomics.org/plink/2.0/
(C) 2005-2019 Shaun Purcell, Christopher Chang   GNU General Public License v3
Logging to ../data/temp/unannot_vcf/CAV3.id.filtered.log.
Options in effect:
  --export vcf bgz
  --extract ../data/temp/variant_ids/CAV3.variant.ids.txt
  --id-delim _
  --out ../data/temp/unannot_vcf/CAV3.id.filtered
  --vcf ../data/temp/unannot_vcf/CAV3.region.filtered.vcf.gz

Start time: Thu Nov 17 22:48:18 2022
257673 MiB RAM detected; reserving 128836 MiB for main workspace.
Using up to 28 threads (change this with --threads).

End time: Thu Nov 17 22:48:18 2022
Top 5 rows:
*****
Annotating pop-level VCF file ...
Top 5 variants:
*****
Creating variant table file ...
Creating variant call list ...
Creating VCF header file (to extract sample names) ...
Making CAV3 data and plots ...
Done.
Making CRYAB annotated VCFs ...
Fetching CRYAB RefSeq FASTA file ...
Preparing annotation table ...
Filtering and tagging pop-level VCF ...
PLINK v2.00a2LM 64-bit Intel (27 May 2019)     www.cog-genomics.org/plink/2.0/
(C) 2005-2019 Shaun Purcell, Christopher Chang   GNU General Public License v3
Logging to ../data/temp/unannot_vcf/CRYAB.id.filtered.log.
Options in effect:
  --export vcf bgz
  --extract ../data/temp/variant_ids/CRYAB.variant.ids.txt
  --id-delim _
  --out ../data/temp/unannot_vcf/CRYAB.id.filtered
  --vcf ../data/temp/unannot_vcf/CRYAB.region.filtered.vcf.gz

Start time: Thu Nov 17 22:48:22 2022
257673 MiB RAM detected; reserving 128836 MiB for main workspace.
Using up to 28 threads (change this with --threads).

End time: Thu Nov 17 22:48:22 2022
Top 5 rows:
*****
Annotating pop-level VCF file ...
Top 5 variants:
*****
Creating variant table file ...
Creating variant call list ...
Creating VCF header file (to extract sample names) ...
Making CRYAB data and plots ...
Done.
Making CSRP3 annotated VCFs ...
Fetching CSRP3 RefSeq FASTA file ...
Preparing annotation table ...
Filtering and tagging pop-level VCF ...
PLINK v2.00a2LM 64-bit Intel (27 May 2019)     www.cog-genomics.org/plink/2.0/
(C) 2005-2019 Shaun Purcell, Christopher Chang   GNU General Public License v3
Logging to ../data/temp/unannot_vcf/CSRP3.id.filtered.log.
Options in effect:
  --export vcf bgz
  --extract ../data/temp/variant_ids/CSRP3.variant.ids.txt
  --id-delim _
  --out ../data/temp/unannot_vcf/CSRP3.id.filtered
  --vcf ../data/temp/unannot_vcf/CSRP3.region.filtered.vcf.gz

Start time: Thu Nov 17 22:48:25 2022
257673 MiB RAM detected; reserving 128836 MiB for main workspace.
Using up to 28 threads (change this with --threads).

End time: Thu Nov 17 22:48:25 2022
Top 5 rows:
*****
Annotating pop-level VCF file ...
Top 5 variants:
*****
Creating variant table file ...
Creating variant call list ...
Creating VCF header file (to extract sample names) ...
Making CSRP3 data and plots ...
Done.
Making FHL1 annotated VCFs ...
Fetching FHL1 RefSeq FASTA file ...
Preparing annotation table ...
Filtering and tagging pop-level VCF ...
PLINK v2.00a2LM 64-bit Intel (27 May 2019)     www.cog-genomics.org/plink/2.0/
(C) 2005-2019 Shaun Purcell, Christopher Chang   GNU General Public License v3
Logging to ../data/temp/unannot_vcf/FHL1.id.filtered.log.
Options in effect:
  --export vcf bgz
  --extract ../data/temp/variant_ids/FHL1.variant.ids.txt
  --id-delim _
  --out ../data/temp/unannot_vcf/FHL1.id.filtered
  --vcf ../data/temp/unannot_vcf/FHL1.region.filtered.vcf.gz

Start time: Thu Nov 17 22:48:27 2022
257673 MiB RAM detected; reserving 128836 MiB for main workspace.
Using up to 28 threads (change this with --threads).

End time: Thu Nov 17 22:48:27 2022
Top 5 rows:
*****
Annotating pop-level VCF file ...
Top 5 variants:
*****
Creating variant table file ...
Creating variant call list ...
Creating VCF header file (to extract sample names) ...
