BioMart output contains 193 rows over 30 unique genes.
30 unique genes left after removing rows without RefSeq peptide ID.
30 RefSeq peptide IDs found!
Making ACTC1 annotated VCFs ...
Fetching ACTC1 RefSeq FASTA file ...
Preparing annotation table ...
#Uploaded_variation|NP_005150
/n/groups/marks/databases/ukbiobank/ukbb_450k/vep/ukb23149_c15_b0_v1.coding.vep.tsv > ../data/temp/annot_table/ACTC1.unproc.annot.tab
Filtering and tagging pop-level VCF ...
PLINK v2.00a2LM 64-bit Intel (27 May 2019)     www.cog-genomics.org/plink/2.0/
(C) 2005-2019 Shaun Purcell, Christopher Chang   GNU General Public License v3
Logging to ../data/temp/unannot_vcf/ACTC1.id.filtered.log.
Options in effect:
  --export vcf bgz
  --extract ../data/temp/variant_ids/ACTC1.variant.ids.txt
  --id-delim _
  --out ../data/temp/unannot_vcf/ACTC1.id.filtered
  --vcf ../data/temp/unannot_vcf/ACTC1.region.filtered.vcf.gz

Start time: Thu Nov 17 22:54:52 2022
257673 MiB RAM detected; reserving 128836 MiB for main workspace.
Using up to 28 threads (change this with --threads).

End time: Thu Nov 17 22:54:52 2022
Top 5 rows:
*****
Annotating pop-level VCF file ...
Top 5 variants:
*****
Creating variant table file ...
Creating variant call list ...
Creating VCF header file (to extract sample names) ...
Making ACTC1 data and plots ...
Done.
Making ACTN2 annotated VCFs ...
Fetching ACTN2 RefSeq FASTA file ...
Preparing annotation table ...
#Uploaded_variation|NP_001094
/n/groups/marks/databases/ukbiobank/ukbb_450k/vep/ukb23149_c1_b0_v1.coding.vep.tsv > ../data/temp/annot_table/ACTN2.unproc.annot.tab
Filtering and tagging pop-level VCF ...
PLINK v2.00a2LM 64-bit Intel (27 May 2019)     www.cog-genomics.org/plink/2.0/
(C) 2005-2019 Shaun Purcell, Christopher Chang   GNU General Public License v3
Logging to ../data/temp/unannot_vcf/ACTN2.id.filtered.log.
Options in effect:
  --export vcf bgz
  --extract ../data/temp/variant_ids/ACTN2.variant.ids.txt
  --id-delim _
  --out ../data/temp/unannot_vcf/ACTN2.id.filtered
  --vcf ../data/temp/unannot_vcf/ACTN2.region.filtered.vcf.gz

Start time: Thu Nov 17 22:54:56 2022
257673 MiB RAM detected; reserving 128836 MiB for main workspace.
Using up to 28 threads (change this with --threads).

End time: Thu Nov 17 22:54:56 2022
Top 5 rows:
*****
Annotating pop-level VCF file ...
Top 5 variants:
*****
Creating variant table file ...
Creating variant call list ...
Creating VCF header file (to extract sample names) ...
Making ACTN2 data and plots ...
Done.
Making ALPK3 annotated VCFs ...
Fetching ALPK3 RefSeq FASTA file ...
Preparing annotation table ...
#Uploaded_variation|NP_065829
/n/groups/marks/databases/ukbiobank/ukbb_450k/vep/ukb23149_c15_b0_v1.coding.vep.tsv > ../data/temp/annot_table/ALPK3.unproc.annot.tab
Filtering and tagging pop-level VCF ...
PLINK v2.00a2LM 64-bit Intel (27 May 2019)     www.cog-genomics.org/plink/2.0/
(C) 2005-2019 Shaun Purcell, Christopher Chang   GNU General Public License v3
Logging to ../data/temp/unannot_vcf/ALPK3.id.filtered.log.
Options in effect:
  --export vcf bgz
  --extract ../data/temp/variant_ids/ALPK3.variant.ids.txt
  --id-delim _
  --out ../data/temp/unannot_vcf/ALPK3.id.filtered
  --vcf ../data/temp/unannot_vcf/ALPK3.region.filtered.vcf.gz

Start time: Thu Nov 17 22:54:59 2022
257673 MiB RAM detected; reserving 128836 MiB for main workspace.
Using up to 28 threads (change this with --threads).

End time: Thu Nov 17 22:54:59 2022
Top 5 rows:
*****
Annotating pop-level VCF file ...
Top 5 variants:
*****
Creating variant table file ...
Creating variant call list ...
Creating VCF header file (to extract sample names) ...
Making ALPK3 data and plots ...
Done.
Making CASQ2 annotated VCFs ...
Fetching CASQ2 RefSeq FASTA file ...
Preparing annotation table ...
#Uploaded_variation|NP_001223
/n/groups/marks/databases/ukbiobank/ukbb_450k/vep/ukb23149_c1_b0_v1.coding.vep.tsv > ../data/temp/annot_table/CASQ2.unproc.annot.tab
Filtering and tagging pop-level VCF ...
PLINK v2.00a2LM 64-bit Intel (27 May 2019)     www.cog-genomics.org/plink/2.0/
(C) 2005-2019 Shaun Purcell, Christopher Chang   GNU General Public License v3
Logging to ../data/temp/unannot_vcf/CASQ2.id.filtered.log.
Options in effect:
  --export vcf bgz
  --extract ../data/temp/variant_ids/CASQ2.variant.ids.txt
  --id-delim _
  --out ../data/temp/unannot_vcf/CASQ2.id.filtered
  --vcf ../data/temp/unannot_vcf/CASQ2.region.filtered.vcf.gz

Start time: Thu Nov 17 22:55:02 2022
257673 MiB RAM detected; reserving 128836 MiB for main workspace.
Using up to 28 threads (change this with --threads).

End time: Thu Nov 17 22:55:02 2022
Top 5 rows:
*****
Annotating pop-level VCF file ...
Top 5 variants:
*****
Creating variant table file ...
Creating variant call list ...
Creating VCF header file (to extract sample names) ...
Making CASQ2 data and plots ...
Done.
Making CAV3 annotated VCFs ...
Fetching CAV3 RefSeq FASTA file ...
Preparing annotation table ...
#Uploaded_variation|NP_001225
/n/groups/marks/databases/ukbiobank/ukbb_450k/vep/ukb23149_c3_b0_v1.coding.vep.tsv > ../data/temp/annot_table/CAV3.unproc.annot.tab
Filtering and tagging pop-level VCF ...
PLINK v2.00a2LM 64-bit Intel (27 May 2019)     www.cog-genomics.org/plink/2.0/
(C) 2005-2019 Shaun Purcell, Christopher Chang   GNU General Public License v3
Logging to ../data/temp/unannot_vcf/CAV3.id.filtered.log.
Options in effect:
  --export vcf bgz
  --extract ../data/temp/variant_ids/CAV3.variant.ids.txt
  --id-delim _
  --out ../data/temp/unannot_vcf/CAV3.id.filtered
  --vcf ../data/temp/unannot_vcf/CAV3.region.filtered.vcf.gz

Start time: Thu Nov 17 22:55:06 2022
257673 MiB RAM detected; reserving 128836 MiB for main workspace.
Using up to 28 threads (change this with --threads).

End time: Thu Nov 17 22:55:06 2022
Top 5 rows:
*****
Annotating pop-level VCF file ...
Top 5 variants:
*****
Creating variant table file ...
Creating variant call list ...
Creating VCF header file (to extract sample names) ...
Making CAV3 data and plots ...
Done.
Making CRYAB annotated VCFs ...
Fetching CRYAB RefSeq FASTA file ...
Preparing annotation table ...
#Uploaded_variation|NP_001876
/n/groups/marks/databases/ukbiobank/ukbb_450k/vep/ukb23149_c11_b0_v1.coding.vep.tsv > ../data/temp/annot_table/CRYAB.unproc.annot.tab
Filtering and tagging pop-level VCF ...
PLINK v2.00a2LM 64-bit Intel (27 May 2019)     www.cog-genomics.org/plink/2.0/
(C) 2005-2019 Shaun Purcell, Christopher Chang   GNU General Public License v3
Logging to ../data/temp/unannot_vcf/CRYAB.id.filtered.log.
Options in effect:
  --export vcf bgz
  --extract ../data/temp/variant_ids/CRYAB.variant.ids.txt
  --id-delim _
  --out ../data/temp/unannot_vcf/CRYAB.id.filtered
  --vcf ../data/temp/unannot_vcf/CRYAB.region.filtered.vcf.gz

Start time: Thu Nov 17 22:55:09 2022
257673 MiB RAM detected; reserving 128836 MiB for main workspace.
Using up to 28 threads (change this with --threads).

End time: Thu Nov 17 22:55:09 2022
Top 5 rows:
*****
Annotating pop-level VCF file ...
Top 5 variants:
*****
Creating variant table file ...
Creating variant call list ...
Creating VCF header file (to extract sample names) ...
Making CRYAB data and plots ...
Done.
Making CSRP3 annotated VCFs ...
Fetching CSRP3 RefSeq FASTA file ...
Preparing annotation table ...
#Uploaded_variation|NP_003467
/n/groups/marks/databases/ukbiobank/ukbb_450k/vep/ukb23149_c11_b0_v1.coding.vep.tsv > ../data/temp/annot_table/CSRP3.unproc.annot.tab
Filtering and tagging pop-level VCF ...
PLINK v2.00a2LM 64-bit Intel (27 May 2019)     www.cog-genomics.org/plink/2.0/
(C) 2005-2019 Shaun Purcell, Christopher Chang   GNU General Public License v3
Logging to ../data/temp/unannot_vcf/CSRP3.id.filtered.log.
Options in effect:
  --export vcf bgz
  --extract ../data/temp/variant_ids/CSRP3.variant.ids.txt
  --id-delim _
  --out ../data/temp/unannot_vcf/CSRP3.id.filtered
  --vcf ../data/temp/unannot_vcf/CSRP3.region.filtered.vcf.gz

Start time: Thu Nov 17 22:55:12 2022
257673 MiB RAM detected; reserving 128836 MiB for main workspace.
Using up to 28 threads (change this with --threads).

End time: Thu Nov 17 22:55:12 2022
Top 5 rows:
*****
Annotating pop-level VCF file ...
Top 5 variants:
*****
Creating variant table file ...
Creating variant call list ...
Creating VCF header file (to extract sample names) ...
Making CSRP3 data and plots ...
Done.
Making FHL1 annotated VCFs ...
Fetching FHL1 RefSeq FASTA file ...
Preparing annotation table ...
#Uploaded_variation|NP_001440
/n/groups/marks/databases/ukbiobank/ukbb_450k/vep/ukb23149_cX_b0_v1.coding.vep.tsv > ../data/temp/annot_table/FHL1.unproc.annot.tab
Filtering and tagging pop-level VCF ...
PLINK v2.00a2LM 64-bit Intel (27 May 2019)     www.cog-genomics.org/plink/2.0/
(C) 2005-2019 Shaun Purcell, Christopher Chang   GNU General Public License v3
Logging to ../data/temp/unannot_vcf/FHL1.id.filtered.log.
Options in effect:
  --export vcf bgz
  --extract ../data/temp/variant_ids/FHL1.variant.ids.txt
  --id-delim _
  --out ../data/temp/unannot_vcf/FHL1.id.filtered
  --vcf ../data/temp/unannot_vcf/FHL1.region.filtered.vcf.gz

Start time: Thu Nov 17 22:55:15 2022
257673 MiB RAM detected; reserving 128836 MiB for main workspace.
Using up to 28 threads (change this with --threads).

End time: Thu Nov 17 22:55:15 2022
Top 5 rows:
*****
Annotating pop-level VCF file ...
Top 5 variants:
*****
Creating variant table file ...
Creating variant call list ...
Creating VCF header file (to extract sample names) ...
Making FHL1 data and plots ...
Done.
Making FLNC annotated VCFs ...
Fetching FLNC RefSeq FASTA file ...
Preparing annotation table ...
#Uploaded_variation|NP_001449
/n/groups/marks/databases/ukbiobank/ukbb_450k/vep/ukb23149_c7_b0_v1.coding.vep.tsv > ../data/temp/annot_table/FLNC.unproc.annot.tab
Filtering and tagging pop-level VCF ...
PLINK v2.00a2LM 64-bit Intel (27 May 2019)     www.cog-genomics.org/plink/2.0/
(C) 2005-2019 Shaun Purcell, Christopher Chang   GNU General Public License v3
Logging to ../data/temp/unannot_vcf/FLNC.id.filtered.log.
Options in effect:
  --export vcf bgz
  --extract ../data/temp/variant_ids/FLNC.variant.ids.txt
  --id-delim _
  --out ../data/temp/unannot_vcf/FLNC.id.filtered
  --vcf ../data/temp/unannot_vcf/FLNC.region.filtered.vcf.gz

Start time: Thu Nov 17 22:55:18 2022
257673 MiB RAM detected; reserving 128836 MiB for main workspace.
Using up to 28 threads (change this with --threads).

End time: Thu Nov 17 22:55:18 2022
Top 5 rows:
*****
Annotating pop-level VCF file ...
Top 5 variants:
*****
Creating variant table file ...
Creating variant call list ...
Creating VCF header file (to extract sample names) ...
Making FLNC data and plots ...
Done.
Making JPH2 annotated VCFs ...
Fetching JPH2 RefSeq FASTA file ...
Preparing annotation table ...
#Uploaded_variation|NP_065166
/n/groups/marks/databases/ukbiobank/ukbb_450k/vep/ukb23149_c20_b0_v1.coding.vep.tsv > ../data/temp/annot_table/JPH2.unproc.annot.tab
Filtering and tagging pop-level VCF ...
PLINK v2.00a2LM 64-bit Intel (27 May 2019)     www.cog-genomics.org/plink/2.0/
(C) 2005-2019 Shaun Purcell, Christopher Chang   GNU General Public License v3
Logging to ../data/temp/unannot_vcf/JPH2.id.filtered.log.
Options in effect:
  --export vcf bgz
  --extract ../data/temp/variant_ids/JPH2.variant.ids.txt
  --id-delim _
  --out ../data/temp/unannot_vcf/JPH2.id.filtered
  --vcf ../data/temp/unannot_vcf/JPH2.region.filtered.vcf.gz

Start time: Thu Nov 17 22:55:20 2022
257673 MiB RAM detected; reserving 128836 MiB for main workspace.
Using up to 28 threads (change this with --threads).

End time: Thu Nov 17 22:55:20 2022
Top 5 rows:
*****
Annotating pop-level VCF file ...
Top 5 variants:
*****
Creating variant table file ...
Creating variant call list ...
Creating VCF header file (to extract sample names) ...
Making JPH2 data and plots ...
Done.
Making LDB3 annotated VCFs ...
Fetching LDB3 RefSeq FASTA file ...
Preparing annotation table ...
#Uploaded_variation|NP_009009
/n/groups/marks/databases/ukbiobank/ukbb_450k/vep/ukb23149_c10_b0_v1.coding.vep.tsv > ../data/temp/annot_table/LDB3.unproc.annot.tab
Filtering and tagging pop-level VCF ...
PLINK v2.00a2LM 64-bit Intel (27 May 2019)     www.cog-genomics.org/plink/2.0/
(C) 2005-2019 Shaun Purcell, Christopher Chang   GNU General Public License v3
Logging to ../data/temp/unannot_vcf/LDB3.id.filtered.log.
Options in effect:
  --export vcf bgz
  --extract ../data/temp/variant_ids/LDB3.variant.ids.txt
  --id-delim _
  --out ../data/temp/unannot_vcf/LDB3.id.filtered
  --vcf ../data/temp/unannot_vcf/LDB3.region.filtered.vcf.gz

Start time: Thu Nov 17 22:55:23 2022
257673 MiB RAM detected; reserving 128836 MiB for main workspace.
Using up to 28 threads (change this with --threads).

End time: Thu Nov 17 22:55:23 2022
Top 5 rows:
*****
Annotating pop-level VCF file ...
Top 5 variants:
*****
Creating variant table file ...
Creating variant call list ...
Creating VCF header file (to extract sample names) ...
Making LDB3 data and plots ...
Done.
Making LMNA annotated VCFs ...
Fetching LMNA RefSeq FASTA file ...
Preparing annotation table ...
#Uploaded_variation|NP_005563
/n/groups/marks/databases/ukbiobank/ukbb_450k/vep/ukb23149_c1_b0_v1.coding.vep.tsv > ../data/temp/annot_table/LMNA.unproc.annot.tab
Filtering and tagging pop-level VCF ...
PLINK v2.00a2LM 64-bit Intel (27 May 2019)     www.cog-genomics.org/plink/2.0/
(C) 2005-2019 Shaun Purcell, Christopher Chang   GNU General Public License v3
Logging to ../data/temp/unannot_vcf/LMNA.id.filtered.log.
Options in effect:
  --export vcf bgz
  --extract ../data/temp/variant_ids/LMNA.variant.ids.txt
  --id-delim _
  --out ../data/temp/unannot_vcf/LMNA.id.filtered
  --vcf ../data/temp/unannot_vcf/LMNA.region.filtered.vcf.gz

Start time: Thu Nov 17 22:55:27 2022
257673 MiB RAM detected; reserving 128836 MiB for main workspace.
Using up to 28 threads (change this with --threads).

End time: Thu Nov 17 22:55:27 2022
Top 5 rows:
*****
Annotating pop-level VCF file ...
Top 5 variants:
*****
Creating variant table file ...
Creating variant call list ...
Creating VCF header file (to extract sample names) ...
Making LMNA data and plots ...
Done.
Making MYBPC3 annotated VCFs ...
Fetching MYBPC3 RefSeq FASTA file ...
Preparing annotation table ...
#Uploaded_variation|NP_000247
/n/groups/marks/databases/ukbiobank/ukbb_450k/vep/ukb23149_c11_b0_v1.coding.vep.tsv > ../data/temp/annot_table/MYBPC3.unproc.annot.tab
Filtering and tagging pop-level VCF ...
PLINK v2.00a2LM 64-bit Intel (27 May 2019)     www.cog-genomics.org/plink/2.0/
(C) 2005-2019 Shaun Purcell, Christopher Chang   GNU General Public License v3
Logging to ../data/temp/unannot_vcf/MYBPC3.id.filtered.log.
Options in effect:
  --export vcf bgz
  --extract ../data/temp/variant_ids/MYBPC3.variant.ids.txt
  --id-delim _
  --out ../data/temp/unannot_vcf/MYBPC3.id.filtered
  --vcf ../data/temp/unannot_vcf/MYBPC3.region.filtered.vcf.gz

Start time: Thu Nov 17 22:55:31 2022
257673 MiB RAM detected; reserving 128836 MiB for main workspace.
Using up to 28 threads (change this with --threads).

End time: Thu Nov 17 22:55:31 2022
Top 5 rows:
*****
Annotating pop-level VCF file ...
Top 5 variants:
*****
Creating variant table file ...
Creating variant call list ...
Creating VCF header file (to extract sample names) ...
Making MYBPC3 data and plots ...
Done.
Making MYH6 annotated VCFs ...
Fetching MYH6 RefSeq FASTA file ...
Preparing annotation table ...
#Uploaded_variation|NP_002462
/n/groups/marks/databases/ukbiobank/ukbb_450k/vep/ukb23149_c14_b0_v1.coding.vep.tsv > ../data/temp/annot_table/MYH6.unproc.annot.tab
Filtering and tagging pop-level VCF ...
PLINK v2.00a2LM 64-bit Intel (27 May 2019)     www.cog-genomics.org/plink/2.0/
(C) 2005-2019 Shaun Purcell, Christopher Chang   GNU General Public License v3
Logging to ../data/temp/unannot_vcf/MYH6.id.filtered.log.
Options in effect:
  --export vcf bgz
  --extract ../data/temp/variant_ids/MYH6.variant.ids.txt
  --id-delim _
  --out ../data/temp/unannot_vcf/MYH6.id.filtered
  --vcf ../data/temp/unannot_vcf/MYH6.region.filtered.vcf.gz

Start time: Thu Nov 17 22:55:34 2022
257673 MiB RAM detected; reserving 128836 MiB for main workspace.
Using up to 28 threads (change this with --threads).

End time: Thu Nov 17 22:55:34 2022
Top 5 rows:
*****
Annotating pop-level VCF file ...
Top 5 variants:
*****
Creating variant table file ...
Creating variant call list ...
Creating VCF header file (to extract sample names) ...
Making MYH6 data and plots ...
Done.
Making MYH7 annotated VCFs ...
Fetching MYH7 RefSeq FASTA file ...
Preparing annotation table ...
#Uploaded_variation|NP_000248
/n/groups/marks/databases/ukbiobank/ukbb_450k/vep/ukb23149_c14_b0_v1.coding.vep.tsv > ../data/temp/annot_table/MYH7.unproc.annot.tab
Filtering and tagging pop-level VCF ...
PLINK v2.00a2LM 64-bit Intel (27 May 2019)     www.cog-genomics.org/plink/2.0/
(C) 2005-2019 Shaun Purcell, Christopher Chang   GNU General Public License v3
Logging to ../data/temp/unannot_vcf/MYH7.id.filtered.log.
Options in effect:
  --export vcf bgz
  --extract ../data/temp/variant_ids/MYH7.variant.ids.txt
  --id-delim _
  --out ../data/temp/unannot_vcf/MYH7.id.filtered
  --vcf ../data/temp/unannot_vcf/MYH7.region.filtered.vcf.gz

Start time: Thu Nov 17 22:55:37 2022
257673 MiB RAM detected; reserving 128836 MiB for main workspace.
Using up to 28 threads (change this with --threads).

End time: Thu Nov 17 22:55:37 2022
Top 5 rows:
*****
Annotating pop-level VCF file ...
Top 5 variants:
*****
Creating variant table file ...
Creating variant call list ...
Creating VCF header file (to extract sample names) ...
Making MYH7 data and plots ...
Done.
Making MYL2 annotated VCFs ...
Fetching MYL2 RefSeq FASTA file ...
Preparing annotation table ...
#Uploaded_variation|NP_000423
/n/groups/marks/databases/ukbiobank/ukbb_450k/vep/ukb23149_c12_b0_v1.coding.vep.tsv > ../data/temp/annot_table/MYL2.unproc.annot.tab
Filtering and tagging pop-level VCF ...
PLINK v2.00a2LM 64-bit Intel (27 May 2019)     www.cog-genomics.org/plink/2.0/
(C) 2005-2019 Shaun Purcell, Christopher Chang   GNU General Public License v3
Logging to ../data/temp/unannot_vcf/MYL2.id.filtered.log.
Options in effect:
  --export vcf bgz
  --extract ../data/temp/variant_ids/MYL2.variant.ids.txt
  --id-delim _
  --out ../data/temp/unannot_vcf/MYL2.id.filtered
  --vcf ../data/temp/unannot_vcf/MYL2.region.filtered.vcf.gz

Start time: Thu Nov 17 22:55:41 2022
257673 MiB RAM detected; reserving 128836 MiB for main workspace.
Using up to 28 threads (change this with --threads).

End time: Thu Nov 17 22:55:41 2022
Top 5 rows:
*****
Annotating pop-level VCF file ...
Top 5 variants:
*****
Creating variant table file ...
Creating variant call list ...
Creating VCF header file (to extract sample names) ...
Making MYL2 data and plots ...
Done.
Making MYL3 annotated VCFs ...
Fetching MYL3 RefSeq FASTA file ...
Preparing annotation table ...
#Uploaded_variation|NP_000249
/n/groups/marks/databases/ukbiobank/ukbb_450k/vep/ukb23149_c3_b0_v1.coding.vep.tsv > ../data/temp/annot_table/MYL3.unproc.annot.tab
Filtering and tagging pop-level VCF ...
PLINK v2.00a2LM 64-bit Intel (27 May 2019)     www.cog-genomics.org/plink/2.0/
(C) 2005-2019 Shaun Purcell, Christopher Chang   GNU General Public License v3
Logging to ../data/temp/unannot_vcf/MYL3.id.filtered.log.
Options in effect:
  --export vcf bgz
  --extract ../data/temp/variant_ids/MYL3.variant.ids.txt
  --id-delim _
  --out ../data/temp/unannot_vcf/MYL3.id.filtered
  --vcf ../data/temp/unannot_vcf/MYL3.region.filtered.vcf.gz

Start time: Thu Nov 17 22:55:44 2022
257673 MiB RAM detected; reserving 128836 MiB for main workspace.
Using up to 28 threads (change this with --threads).

End time: Thu Nov 17 22:55:44 2022
Top 5 rows:
*****
Annotating pop-level VCF file ...
Top 5 variants:
*****
Creating variant table file ...
Creating variant call list ...
Creating VCF header file (to extract sample names) ...
Making MYL3 data and plots ...
Done.
Making MYLK2 annotated VCFs ...
Fetching MYLK2 RefSeq FASTA file ...
Preparing annotation table ...
#Uploaded_variation|NP_149109
/n/groups/marks/databases/ukbiobank/ukbb_450k/vep/ukb23149_c20_b0_v1.coding.vep.tsv > ../data/temp/annot_table/MYLK2.unproc.annot.tab
Filtering and tagging pop-level VCF ...
PLINK v2.00a2LM 64-bit Intel (27 May 2019)     www.cog-genomics.org/plink/2.0/
(C) 2005-2019 Shaun Purcell, Christopher Chang   GNU General Public License v3
Logging to ../data/temp/unannot_vcf/MYLK2.id.filtered.log.
Options in effect:
  --export vcf bgz
  --extract ../data/temp/variant_ids/MYLK2.variant.ids.txt
  --id-delim _
  --out ../data/temp/unannot_vcf/MYLK2.id.filtered
  --vcf ../data/temp/unannot_vcf/MYLK2.region.filtered.vcf.gz

Start time: Thu Nov 17 22:55:46 2022
257673 MiB RAM detected; reserving 128836 MiB for main workspace.
Using up to 28 threads (change this with --threads).

End time: Thu Nov 17 22:55:46 2022
Top 5 rows:
*****
Annotating pop-level VCF file ...
Top 5 variants:
*****
Creating variant table file ...
Creating variant call list ...
Creating VCF header file (to extract sample names) ...
Making MYLK2 data and plots ...
Done.
Making MYOM2 annotated VCFs ...
Fetching MYOM2 RefSeq FASTA file ...
Preparing annotation table ...
#Uploaded_variation|NP_003961
/n/groups/marks/databases/ukbiobank/ukbb_450k/vep/ukb23149_c8_b0_v1.coding.vep.tsv > ../data/temp/annot_table/MYOM2.unproc.annot.tab
Filtering and tagging pop-level VCF ...
PLINK v2.00a2LM 64-bit Intel (27 May 2019)     www.cog-genomics.org/plink/2.0/
(C) 2005-2019 Shaun Purcell, Christopher Chang   GNU General Public License v3
Logging to ../data/temp/unannot_vcf/MYOM2.id.filtered.log.
Options in effect:
  --export vcf bgz
  --extract ../data/temp/variant_ids/MYOM2.variant.ids.txt
  --id-delim _
  --out ../data/temp/unannot_vcf/MYOM2.id.filtered
  --vcf ../data/temp/unannot_vcf/MYOM2.region.filtered.vcf.gz

Start time: Thu Nov 17 22:55:50 2022
257673 MiB RAM detected; reserving 128836 MiB for main workspace.
Using up to 28 threads (change this with --threads).

End time: Thu Nov 17 22:55:50 2022
Top 5 rows:
*****
Annotating pop-level VCF file ...
Top 5 variants:
*****
Creating variant table file ...
Creating variant call list ...
Creating VCF header file (to extract sample names) ...
Making MYOM2 data and plots ...
Done.
Making MYOZ2 annotated VCFs ...
Fetching MYOZ2 RefSeq FASTA file ...
Preparing annotation table ...
#Uploaded_variation|NP_057683
/n/groups/marks/databases/ukbiobank/ukbb_450k/vep/ukb23149_c4_b0_v1.coding.vep.tsv > ../data/temp/annot_table/MYOZ2.unproc.annot.tab
Filtering and tagging pop-level VCF ...
PLINK v2.00a2LM 64-bit Intel (27 May 2019)     www.cog-genomics.org/plink/2.0/
(C) 2005-2019 Shaun Purcell, Christopher Chang   GNU General Public License v3
Logging to ../data/temp/unannot_vcf/MYOZ2.id.filtered.log.
Options in effect:
  --export vcf bgz
  --extract ../data/temp/variant_ids/MYOZ2.variant.ids.txt
  --id-delim _
  --out ../data/temp/unannot_vcf/MYOZ2.id.filtered
  --vcf ../data/temp/unannot_vcf/MYOZ2.region.filtered.vcf.gz

Start time: Thu Nov 17 22:55:56 2022
257673 MiB RAM detected; reserving 128836 MiB for main workspace.
Using up to 28 threads (change this with --threads).

End time: Thu Nov 17 22:55:56 2022
Top 5 rows:
*****
Annotating pop-level VCF file ...
Top 5 variants:
*****
Creating variant table file ...
Creating variant call list ...
Creating VCF header file (to extract sample names) ...
Making MYOZ2 data and plots ...
Done.
Making NEXN annotated VCFs ...
Fetching NEXN RefSeq FASTA file ...
Preparing annotation table ...
#Uploaded_variation|NP_653174
/n/groups/marks/databases/ukbiobank/ukbb_450k/vep/ukb23149_c1_b0_v1.coding.vep.tsv > ../data/temp/annot_table/NEXN.unproc.annot.tab
Filtering and tagging pop-level VCF ...
PLINK v2.00a2LM 64-bit Intel (27 May 2019)     www.cog-genomics.org/plink/2.0/
(C) 2005-2019 Shaun Purcell, Christopher Chang   GNU General Public License v3
Logging to ../data/temp/unannot_vcf/NEXN.id.filtered.log.
Options in effect:
  --export vcf bgz
  --extract ../data/temp/variant_ids/NEXN.variant.ids.txt
  --id-delim _
  --out ../data/temp/unannot_vcf/NEXN.id.filtered
  --vcf ../data/temp/unannot_vcf/NEXN.region.filtered.vcf.gz

Start time: Thu Nov 17 22:55:59 2022
257673 MiB RAM detected; reserving 128836 MiB for main workspace.
Using up to 28 threads (change this with --threads).

End time: Thu Nov 17 22:55:59 2022
Top 5 rows:
*****
Annotating pop-level VCF file ...
Top 5 variants:
*****
Creating variant table file ...
Creating variant call list ...
Creating VCF header file (to extract sample names) ...
Making NEXN data and plots ...
Done.
Making OBSCN annotated VCFs ...
Fetching OBSCN RefSeq FASTA file ...
Preparing annotation table ...
#Uploaded_variation|NP_443075
/n/groups/marks/databases/ukbiobank/ukbb_450k/vep/ukb23149_c1_b0_v1.coding.vep.tsv > ../data/temp/annot_table/OBSCN.unproc.annot.tab
Filtering and tagging pop-level VCF ...
PLINK v2.00a2LM 64-bit Intel (27 May 2019)     www.cog-genomics.org/plink/2.0/
(C) 2005-2019 Shaun Purcell, Christopher Chang   GNU General Public License v3
Logging to ../data/temp/unannot_vcf/OBSCN.id.filtered.log.
Options in effect:
  --export vcf bgz
  --extract ../data/temp/variant_ids/OBSCN.variant.ids.txt
  --id-delim _
  --out ../data/temp/unannot_vcf/OBSCN.id.filtered
  --vcf ../data/temp/unannot_vcf/OBSCN.region.filtered.vcf.gz

Start time: Thu Nov 17 22:56:03 2022
257673 MiB RAM detected; reserving 128836 MiB for main workspace.
Using up to 28 threads (change this with --threads).

End time: Thu Nov 17 22:56:03 2022
Top 5 rows:
*****
Annotating pop-level VCF file ...
Top 5 variants:
*****
Creating variant table file ...
Creating variant call list ...
Creating VCF header file (to extract sample names) ...
Making OBSCN data and plots ...
Done.
Making PLN annotated VCFs ...
Fetching PLN RefSeq FASTA file ...
Preparing annotation table ...
#Uploaded_variation|NP_002658
/n/groups/marks/databases/ukbiobank/ukbb_450k/vep/ukb23149_c6_b0_v1.coding.vep.tsv > ../data/temp/annot_table/PLN.unproc.annot.tab
Filtering and tagging pop-level VCF ...
PLINK v2.00a2LM 64-bit Intel (27 May 2019)     www.cog-genomics.org/plink/2.0/
(C) 2005-2019 Shaun Purcell, Christopher Chang   GNU General Public License v3
Logging to ../data/temp/unannot_vcf/PLN.id.filtered.log.
Options in effect:
  --export vcf bgz
  --extract ../data/temp/variant_ids/PLN.variant.ids.txt
  --id-delim _
  --out ../data/temp/unannot_vcf/PLN.id.filtered
  --vcf ../data/temp/unannot_vcf/PLN.region.filtered.vcf.gz

Start time: Thu Nov 17 22:56:07 2022
257673 MiB RAM detected; reserving 128836 MiB for main workspace.
Using up to 28 threads (change this with --threads).

End time: Thu Nov 17 22:56:07 2022
Top 5 rows:
*****
Annotating pop-level VCF file ...
Top 5 variants:
*****
Creating variant table file ...
Creating variant call list ...
Creating VCF header file (to extract sample names) ...
Making PLN data and plots ...
Done.
Making TCAP annotated VCFs ...
Fetching TCAP RefSeq FASTA file ...
Preparing annotation table ...
#Uploaded_variation|NP_003664
/n/groups/marks/databases/ukbiobank/ukbb_450k/vep/ukb23149_c17_b0_v1.coding.vep.tsv > ../data/temp/annot_table/TCAP.unproc.annot.tab
Filtering and tagging pop-level VCF ...
PLINK v2.00a2LM 64-bit Intel (27 May 2019)     www.cog-genomics.org/plink/2.0/
(C) 2005-2019 Shaun Purcell, Christopher Chang   GNU General Public License v3
Logging to ../data/temp/unannot_vcf/TCAP.id.filtered.log.
Options in effect:
  --export vcf bgz
  --extract ../data/temp/variant_ids/TCAP.variant.ids.txt
  --id-delim _
  --out ../data/temp/unannot_vcf/TCAP.id.filtered
  --vcf ../data/temp/unannot_vcf/TCAP.region.filtered.vcf.gz

Start time: Thu Nov 17 22:56:11 2022
257673 MiB RAM detected; reserving 128836 MiB for main workspace.
Using up to 28 threads (change this with --threads).

End time: Thu Nov 17 22:56:11 2022
Top 5 rows:
*****
Annotating pop-level VCF file ...
Top 5 variants:
*****
Creating variant table file ...
Creating variant call list ...
Creating VCF header file (to extract sample names) ...
Making TCAP data and plots ...
Done.
Making TNNC1 annotated VCFs ...
Fetching TNNC1 RefSeq FASTA file ...
Preparing annotation table ...
#Uploaded_variation|NP_003271
/n/groups/marks/databases/ukbiobank/ukbb_450k/vep/ukb23149_c3_b0_v1.coding.vep.tsv > ../data/temp/annot_table/TNNC1.unproc.annot.tab
Filtering and tagging pop-level VCF ...
PLINK v2.00a2LM 64-bit Intel (27 May 2019)     www.cog-genomics.org/plink/2.0/
(C) 2005-2019 Shaun Purcell, Christopher Chang   GNU General Public License v3
Logging to ../data/temp/unannot_vcf/TNNC1.id.filtered.log.
Options in effect:
  --export vcf bgz
  --extract ../data/temp/variant_ids/TNNC1.variant.ids.txt
  --id-delim _
  --out ../data/temp/unannot_vcf/TNNC1.id.filtered
  --vcf ../data/temp/unannot_vcf/TNNC1.region.filtered.vcf.gz

Start time: Thu Nov 17 22:56:14 2022
257673 MiB RAM detected; reserving 128836 MiB for main workspace.
Using up to 28 threads (change this with --threads).

End time: Thu Nov 17 22:56:14 2022
Top 5 rows:
*****
Annotating pop-level VCF file ...
Top 5 variants:
*****
Creating variant table file ...
Creating variant call list ...
Creating VCF header file (to extract sample names) ...
Making TNNC1 data and plots ...
Done.
Making TNNI3 annotated VCFs ...
Fetching TNNI3 RefSeq FASTA file ...
Preparing annotation table ...
#Uploaded_variation|NP_000354
/n/groups/marks/databases/ukbiobank/ukbb_450k/vep/ukb23149_c19_b0_v1.coding.vep.tsv > ../data/temp/annot_table/TNNI3.unproc.annot.tab
Filtering and tagging pop-level VCF ...
PLINK v2.00a2LM 64-bit Intel (27 May 2019)     www.cog-genomics.org/plink/2.0/
(C) 2005-2019 Shaun Purcell, Christopher Chang   GNU General Public License v3
Logging to ../data/temp/unannot_vcf/TNNI3.id.filtered.log.
Options in effect:
  --export vcf bgz
  --extract ../data/temp/variant_ids/TNNI3.variant.ids.txt
  --id-delim _
  --out ../data/temp/unannot_vcf/TNNI3.id.filtered
  --vcf ../data/temp/unannot_vcf/TNNI3.region.filtered.vcf.gz

Start time: Thu Nov 17 22:56:19 2022
257673 MiB RAM detected; reserving 128836 MiB for main workspace.
Using up to 28 threads (change this with --threads).

End time: Thu Nov 17 22:56:19 2022
Top 5 rows:
*****
Annotating pop-level VCF file ...
Top 5 variants:
*****
Creating variant table file ...
Creating variant call list ...
Creating VCF header file (to extract sample names) ...
Making TNNI3 data and plots ...
Done.
Making TNNT2 annotated VCFs ...
Fetching TNNT2 RefSeq FASTA file ...
Preparing annotation table ...
#Uploaded_variation|NP_000355
/n/groups/marks/databases/ukbiobank/ukbb_450k/vep/ukb23149_c1_b0_v1.coding.vep.tsv > ../data/temp/annot_table/TNNT2.unproc.annot.tab
Filtering and tagging pop-level VCF ...
PLINK v2.00a2LM 64-bit Intel (27 May 2019)     www.cog-genomics.org/plink/2.0/
(C) 2005-2019 Shaun Purcell, Christopher Chang   GNU General Public License v3
Logging to ../data/temp/unannot_vcf/TNNT2.id.filtered.log.
Options in effect:
  --export vcf bgz
  --extract ../data/temp/variant_ids/TNNT2.variant.ids.txt
  --id-delim _
  --out ../data/temp/unannot_vcf/TNNT2.id.filtered
  --vcf ../data/temp/unannot_vcf/TNNT2.region.filtered.vcf.gz

Start time: Thu Nov 17 22:56:22 2022
257673 MiB RAM detected; reserving 128836 MiB for main workspace.
Using up to 28 threads (change this with --threads).

End time: Thu Nov 17 22:56:22 2022
Top 5 rows:
*****
Annotating pop-level VCF file ...
Top 5 variants:
*****
Creating variant table file ...
Creating variant call list ...
Creating VCF header file (to extract sample names) ...
Making TNNT2 data and plots ...
Done.
Making TPM1 annotated VCFs ...
Fetching TPM1 RefSeq FASTA file ...
Preparing annotation table ...
#Uploaded_variation|NP_000357
/n/groups/marks/databases/ukbiobank/ukbb_450k/vep/ukb23149_c15_b0_v1.coding.vep.tsv > ../data/temp/annot_table/TPM1.unproc.annot.tab
Filtering and tagging pop-level VCF ...
PLINK v2.00a2LM 64-bit Intel (27 May 2019)     www.cog-genomics.org/plink/2.0/
(C) 2005-2019 Shaun Purcell, Christopher Chang   GNU General Public License v3
Logging to ../data/temp/unannot_vcf/TPM1.id.filtered.log.
Options in effect:
  --export vcf bgz
  --extract ../data/temp/variant_ids/TPM1.variant.ids.txt
  --id-delim _
  --out ../data/temp/unannot_vcf/TPM1.id.filtered
  --vcf ../data/temp/unannot_vcf/TPM1.region.filtered.vcf.gz

Start time: Thu Nov 17 22:56:25 2022
257673 MiB RAM detected; reserving 128836 MiB for main workspace.
Using up to 28 threads (change this with --threads).

End time: Thu Nov 17 22:56:25 2022
Top 5 rows:
*****
Annotating pop-level VCF file ...
Top 5 variants:
*****
Creating variant table file ...
Creating variant call list ...
Creating VCF header file (to extract sample names) ...
Making TPM1 data and plots ...
Done.
Making TRIM63 annotated VCFs ...
Fetching TRIM63 RefSeq FASTA file ...
Preparing annotation table ...
#Uploaded_variation|NP_115977
/n/groups/marks/databases/ukbiobank/ukbb_450k/vep/ukb23149_c1_b0_v1.coding.vep.tsv > ../data/temp/annot_table/TRIM63.unproc.annot.tab
Filtering and tagging pop-level VCF ...
PLINK v2.00a2LM 64-bit Intel (27 May 2019)     www.cog-genomics.org/plink/2.0/
(C) 2005-2019 Shaun Purcell, Christopher Chang   GNU General Public License v3
Logging to ../data/temp/unannot_vcf/TRIM63.id.filtered.log.
Options in effect:
  --export vcf bgz
  --extract ../data/temp/variant_ids/TRIM63.variant.ids.txt
  --id-delim _
  --out ../data/temp/unannot_vcf/TRIM63.id.filtered
  --vcf ../data/temp/unannot_vcf/TRIM63.region.filtered.vcf.gz

Start time: Thu Nov 17 22:56:28 2022
257673 MiB RAM detected; reserving 128836 MiB for main workspace.
Using up to 28 threads (change this with --threads).

End time: Thu Nov 17 22:56:28 2022
Top 5 rows:
*****
Annotating pop-level VCF file ...
Top 5 variants:
*****
Creating variant table file ...
Creating variant call list ...
Creating VCF header file (to extract sample names) ...
Making TRIM63 data and plots ...
Done.
Making VCL annotated VCFs ...
Fetching VCL RefSeq FASTA file ...
Preparing annotation table ...
#Uploaded_variation|NP_003364
/n/groups/marks/databases/ukbiobank/ukbb_450k/vep/ukb23149_c10_b0_v1.coding.vep.tsv > ../data/temp/annot_table/VCL.unproc.annot.tab
Filtering and tagging pop-level VCF ...
PLINK v2.00a2LM 64-bit Intel (27 May 2019)     www.cog-genomics.org/plink/2.0/
(C) 2005-2019 Shaun Purcell, Christopher Chang   GNU General Public License v3
Logging to ../data/temp/unannot_vcf/VCL.id.filtered.log.
Options in effect:
  --export vcf bgz
  --extract ../data/temp/variant_ids/VCL.variant.ids.txt
  --id-delim _
  --out ../data/temp/unannot_vcf/VCL.id.filtered
  --vcf ../data/temp/unannot_vcf/VCL.region.filtered.vcf.gz

Start time: Thu Nov 17 22:56:32 2022
257673 MiB RAM detected; reserving 128836 MiB for main workspace.
Using up to 28 threads (change this with --threads).

End time: Thu Nov 17 22:56:32 2022
Top 5 rows:
*****
Annotating pop-level VCF file ...
Top 5 variants:
*****
Creating variant table file ...
Creating variant call list ...
Creating VCF header file (to extract sample names) ...
Making VCL data and plots ...
Done.
