Fetching FHL1 data ... Done
Fetching ACTC1 data ... Done
Fetching ACTN2 data ... Done
Fetching CSRP3 data ... Done
Fetching MYBPC3 data ... Done
Fetching MYH6 data ... Done
Fetching MYH7 data ... Done
Fetching MYL2 data ... Done
Fetching MYL3 data ... Done
Fetching MYOZ2 data ... Done
Fetching LDB3 data ... Done
Fetching TCAP data ... Done
Fetching TNNC1 data ... Done
Fetching TNNI3 data ... Done
Fetching TNNT2 data ... Done
Fetching TPM1 data ... Done
Fetching TRIM63 data ... Done
Fetching PLN data ... Done
Fetching JPH2 data ... Done
Fetching FLNC data ... Done
Fetching ALPK3 data ... Done
Fetching LMNA data ... Done
Fetching NEXN data ... Done
Fetching VCL data ... Done
Fetching MYOM2 data ... Done
Fetching CASQ2 data ... Done
Fetching CAV3 data ... Done
Fetching MYLK2 data ... Done
Fetching CRYAB data ... Done
Combining tables ... Done
Integrating with phenotypes data ...Done
Processing PPI graph ...Done
Epoch #0:
	Batch 0 | BCE Loss: 0.6955
	Batch 10 | BCE Loss: 0.6983
	Batch 20 | BCE Loss: 0.6865
	Batch 30 | BCE Loss: 0.6979
	Batch 40 | BCE Loss: 0.6881
	Batch 50 | BCE Loss: 0.6952
	Batch 60 | BCE Loss: 0.6946
	Batch 70 | BCE Loss: 0.6937
	Batch 80 | BCE Loss: 0.6842
	Batch 90 | BCE Loss: 0.6960
	Batch 100 | BCE Loss: 0.6932
	Batch 110 | BCE Loss: 0.6961
	Batch 120 | BCE Loss: 0.6909
	Batch 130 | BCE Loss: 0.6932
	Batch 140 | BCE Loss: 0.6932
	Batch 150 | BCE Loss: 0.6916
	Batch 160 | BCE Loss: 0.6938
	Batch 170 | BCE Loss: 0.6948
	Batch 180 | BCE Loss: 0.6993
	Batch 190 | BCE Loss: 0.6920
	Batch 200 | BCE Loss: 0.6972
	Batch 210 | BCE Loss: 0.6939
	Batch 220 | BCE Loss: 0.6952
	Batch 230 | BCE Loss: 0.6974
	Batch 240 | BCE Loss: 0.6938
	Batch 250 | BCE Loss: 0.6889
	Batch 260 | BCE Loss: 0.6927
	Batch 270 | BCE Loss: 0.6985
	Batch 280 | BCE Loss: 0.6929
	Batch 290 | BCE Loss: 0.6958
	Batch 300 | BCE Loss: 0.6932
	Batch 310 | BCE Loss: 0.6925
	Batch 320 | BCE Loss: 0.6934
	Batch 330 | BCE Loss: 0.6956
	Batch 340 | BCE Loss: 0.6914
	Batch 350 | BCE Loss: 0.6961
	Batch 360 | BCE Loss: 0.6937
	Batch 370 | BCE Loss: 0.6932
	Batch 380 | BCE Loss: 0.6935
	Batch 390 | BCE Loss: 0.6940
	Batch 400 | BCE Loss: 0.6935
	Batch 410 | BCE Loss: 0.6959
	Batch 420 | BCE Loss: 0.6929
	Batch 430 | BCE Loss: 0.6948
	Batch 440 | BCE Loss: 0.6878
	Batch 450 | BCE Loss: 0.6980
	Batch 460 | BCE Loss: 0.6950
	Batch 470 | BCE Loss: 0.6944
	Batch 480 | BCE Loss: 0.6934
	Batch 490 | BCE Loss: 0.6941
	Batch 500 | BCE Loss: 0.6889
	Batch 510 | BCE Loss: 0.6928
	Batch 520 | BCE Loss: 0.6916
	Batch 530 | BCE Loss: 0.6891
	Batch 540 | BCE Loss: 0.6997
	Batch 550 | BCE Loss: 0.6930
	Batch 560 | BCE Loss: 0.6915
	Batch 570 | BCE Loss: 0.6931
	Batch 580 | BCE Loss: 0.6932
	Batch 590 | BCE Loss: 0.6953
	Batch 600 | BCE Loss: 0.6985
	Batch 610 | BCE Loss: 0.6992
	Batch 620 | BCE Loss: 0.6935
	Batch 630 | BCE Loss: 0.7122
	Batch 640 | BCE Loss: 0.7041
	Batch 650 | BCE Loss: 0.6937
	Batch 660 | BCE Loss: 0.7037
	Batch 670 | BCE Loss: 0.6959
	Batch 680 | BCE Loss: 0.6931
	Batch 690 | BCE Loss: 0.6932
	Batch 700 | BCE Loss: 0.6901
	Batch 710 | BCE Loss: 0.6934
	Batch 720 | BCE Loss: 0.6927
	Batch 730 | BCE Loss: 0.6932
	Batch 740 | BCE Loss: 0.6931
	Batch 750 | BCE Loss: 0.6929
	Batch 760 | BCE Loss: 0.6943
	Batch 770 | BCE Loss: 0.6929
	Batch 780 | BCE Loss: 0.6931
	Batch 790 | BCE Loss: 0.6936
	Batch 800 | BCE Loss: 0.6929
	Batch 810 | BCE Loss: 0.6952
	Batch 820 | BCE Loss: 0.6934
	Batch 830 | BCE Loss: 0.6937
	Batch 840 | BCE Loss: 0.6932
	Batch 850 | BCE Loss: 0.6917
	Batch 860 | BCE Loss: 0.6928
	Batch 870 | BCE Loss: 0.6919
	Batch 880 | BCE Loss: 0.6915
	Batch 890 | BCE Loss: 0.6929
	Batch 900 | BCE Loss: 0.6929
	Batch 910 | BCE Loss: 0.6929
	Batch 920 | BCE Loss: 0.6931
	Batch 930 | BCE Loss: 0.6962
	Batch 940 | BCE Loss: 0.6976
	Batch 950 | BCE Loss: 0.6933
	Batch 960 | BCE Loss: 0.6948
	Batch 970 | BCE Loss: 0.6946
	Batch 980 | BCE Loss: 0.6934
	Batch 990 | BCE Loss: 0.6923
	Batch 1000 | BCE Loss: 0.6929
	Batch 1010 | BCE Loss: 0.6935
	Batch 1020 | BCE Loss: 0.6933
	Batch 1030 | BCE Loss: 0.6937
	Batch 1040 | BCE Loss: 0.6934
	Batch 1050 | BCE Loss: 0.6934
	Batch 1060 | BCE Loss: 0.6916
	Batch 1070 | BCE Loss: 0.6926
	Batch 1080 | BCE Loss: 0.6941
	Batch 1090 | BCE Loss: 0.6936
	Batch 1100 | BCE Loss: 0.6930
	Batch 1110 | BCE Loss: 0.6933
	Batch 1120 | BCE Loss: 0.6941
	Batch 1130 | BCE Loss: 0.6931
	Batch 1140 | BCE Loss: 0.6932
	Batch 1150 | BCE Loss: 0.6926
	Batch 1160 | BCE Loss: 0.6928
	Batch 1170 | BCE Loss: 0.6932
	Batch 1180 | BCE Loss: 0.6930
	Batch 1190 | BCE Loss: 0.6928
	Batch 1200 | BCE Loss: 0.6937
	Batch 1210 | BCE Loss: 0.6932
	Batch 1220 | BCE Loss: 0.6932
	Batch 1230 | BCE Loss: 0.6900
	Batch 1240 | BCE Loss: 0.6923
	Batch 1250 | BCE Loss: 0.6938
	Batch 1260 | BCE Loss: 0.6943
	Batch 1270 | BCE Loss: 0.6826
	Batch 1280 | BCE Loss: 0.6913
	Batch 1290 | BCE Loss: 0.6943
	Batch 1300 | BCE Loss: 0.6955
	Batch 1310 | BCE Loss: 0.6936
	Batch 1320 | BCE Loss: 0.6932
	Batch 1330 | BCE Loss: 0.6937
	Batch 1340 | BCE Loss: 0.6933
	Batch 1350 | BCE Loss: 0.6932
	Batch 1360 | BCE Loss: 0.6929
	Batch 1370 | BCE Loss: 0.6927
	Batch 1380 | BCE Loss: 0.6910
	Batch 1390 | BCE Loss: 0.6905
	Batch 1400 | BCE Loss: 0.6949
	Batch 1410 | BCE Loss: 0.6946
	Batch 1420 | BCE Loss: 0.6935
	Batch 1430 | BCE Loss: 0.6930
	Batch 1440 | BCE Loss: 0.6938
	Batch 1450 | BCE Loss: 0.6926
	Batch 1460 | BCE Loss: 0.6912
	Batch 1470 | BCE Loss: 0.6874
	Batch 1480 | BCE Loss: 0.7008
	Batch 1490 | BCE Loss: 0.6951
	Batch 1500 | BCE Loss: 0.6949
	Batch 1510 | BCE Loss: 0.6929
	Batch 1520 | BCE Loss: 0.6935
	Batch 1530 | BCE Loss: 0.6931
	Batch 1540 | BCE Loss: 0.6980
	Batch 1550 | BCE Loss: 0.6930
	Batch 1560 | BCE Loss: 0.6900
	Batch 1570 | BCE Loss: 0.6906
	Batch 1580 | BCE Loss: 0.6936
	Batch 1590 | BCE Loss: 0.6916
	Batch 1600 | BCE Loss: 0.6916
	Batch 1610 | BCE Loss: 0.6934
	Batch 1620 | BCE Loss: 0.6905
	Batch 1630 | BCE Loss: 0.6932
	Batch 1640 | BCE Loss: 0.6942
	Batch 1650 | BCE Loss: 0.6930
	Batch 1660 | BCE Loss: 0.6934
	Batch 1670 | BCE Loss: 0.6940
	Batch 1680 | BCE Loss: 0.6932
	Batch 1690 | BCE Loss: 0.6933
	Batch 1700 | BCE Loss: 0.6932
	Batch 1710 | BCE Loss: 0.6929
	Batch 1720 | BCE Loss: 0.6930
	Batch 1730 | BCE Loss: 0.6917
	Batch 1740 | BCE Loss: 0.6949
	Batch 1750 | BCE Loss: 0.6942
	Batch 1760 | BCE Loss: 0.6901
	Batch 1770 | BCE Loss: 0.6930
	Batch 1780 | BCE Loss: 0.6933
	Batch 1790 | BCE Loss: 0.6934
	Batch 1800 | BCE Loss: 0.6925
	Batch 1810 | BCE Loss: 0.6933
	Batch 1820 | BCE Loss: 0.6930
	Batch 1830 | BCE Loss: 0.6932
	Batch 1840 | BCE Loss: 0.6928
	Batch 1850 | BCE Loss: 0.6936
	Batch 1860 | BCE Loss: 0.6933
	Batch 1870 | BCE Loss: 0.6919
	Batch 1880 | BCE Loss: 0.6943
	Batch 1890 | BCE Loss: 0.6932
	Batch 1900 | BCE Loss: 0.6936
	Batch 1910 | BCE Loss: 0.6928
	Batch 1920 | BCE Loss: 0.6927
	Batch 1930 | BCE Loss: 0.6922
	Batch 1940 | BCE Loss: 0.6949
	Batch 1950 | BCE Loss: 0.6937
	Batch 1960 | BCE Loss: 0.6915
	Batch 1970 | BCE Loss: 0.6911
	Batch 1980 | BCE Loss: 0.6923
	Batch 1990 | BCE Loss: 0.6931
	Batch 2000 | BCE Loss: 0.6945
	Batch 2010 | BCE Loss: 0.7016
	Batch 2020 | BCE Loss: 0.6962
	Batch 2030 | BCE Loss: 0.6916
	Batch 2040 | BCE Loss: 0.6929
	Batch 2050 | BCE Loss: 0.6928
	Batch 2060 | BCE Loss: 0.6933
	Batch 2070 | BCE Loss: 0.6934
	Batch 2080 | BCE Loss: 0.6932
	Batch 2090 | BCE Loss: 0.6932
	Batch 2100 | BCE Loss: 0.6926
	Batch 2110 | BCE Loss: 0.6928
	Batch 2120 | BCE Loss: 0.6912
	Batch 2130 | BCE Loss: 0.6902
	Batch 2140 | BCE Loss: 0.6974
	Batch 2150 | BCE Loss: 0.6963
	Batch 2160 | BCE Loss: 0.6927
	Batch 2170 | BCE Loss: 0.6927
	Batch 2180 | BCE Loss: 0.6898
	Batch 2190 | BCE Loss: 0.6889
	Batch 2200 | BCE Loss: 0.6929
	Batch 2210 | BCE Loss: 0.6912
	Batch 2220 | BCE Loss: 0.7064
	Batch 2230 | BCE Loss: 0.6910
	Batch 2240 | BCE Loss: 0.6935
	Batch 2250 | BCE Loss: 0.6913
	Batch 2260 | BCE Loss: 0.6906
	Batch 2270 | BCE Loss: 0.7045
	Batch 2280 | BCE Loss: 0.6951
	Batch 2290 | BCE Loss: 0.6933
	Batch 2300 | BCE Loss: 0.6929
	Batch 2310 | BCE Loss: 0.6925
	Batch 2320 | BCE Loss: 0.6939
	Batch 2330 | BCE Loss: 0.6928
	Batch 2340 | BCE Loss: 0.6929
	Batch 2350 | BCE Loss: 0.6936
	Batch 2360 | BCE Loss: 0.6937
	Batch 2370 | BCE Loss: 0.6932
	Batch 2380 | BCE Loss: 0.6932
	Batch 2390 | BCE Loss: 0.6934
	Batch 2400 | BCE Loss: 0.6923
	Batch 2410 | BCE Loss: 0.6932
	Batch 2420 | BCE Loss: 0.6934
	Batch 2430 | BCE Loss: 0.6932
	Batch 2440 | BCE Loss: 0.6929
	Batch 2450 | BCE Loss: 0.6928
	Batch 2460 | BCE Loss: 0.6939
	Batch 2470 | BCE Loss: 0.6937
	Batch 2480 | BCE Loss: 0.6943
	Batch 2490 | BCE Loss: 0.6912
	Batch 2500 | BCE Loss: 0.6929
	Batch 2510 | BCE Loss: 0.6927
	Batch 2520 | BCE Loss: 0.6934
	Batch 2530 | BCE Loss: 0.6941
	Batch 2540 | BCE Loss: 0.6928
	Batch 2550 | BCE Loss: 0.6924
	Batch 2560 | BCE Loss: 0.6939
	Batch 2570 | BCE Loss: 0.6935
	Batch 2580 | BCE Loss: 0.6931
	Batch 2590 | BCE Loss: 0.6900
	Batch 2600 | BCE Loss: 0.6902
	Batch 2610 | BCE Loss: 0.6917
	Batch 2620 | BCE Loss: 0.6940
	Batch 2630 | BCE Loss: 0.6950
	Batch 2640 | BCE Loss: 0.6944
	Batch 2650 | BCE Loss: 0.6938
	Batch 2660 | BCE Loss: 0.6939
	Batch 2670 | BCE Loss: 0.6934
	Batch 2680 | BCE Loss: 0.6902
	Batch 2690 | BCE Loss: 0.6946
	Batch 2700 | BCE Loss: 0.6936
	Batch 2710 | BCE Loss: 0.6935
	Batch 2720 | BCE Loss: 0.6937
	Batch 2730 | BCE Loss: 0.6921
	Batch 2740 | BCE Loss: 0.6959
	Batch 2750 | BCE Loss: 0.6916
	Batch 2760 | BCE Loss: 0.6942
	Batch 2770 | BCE Loss: 0.6926
	Batch 2780 | BCE Loss: 0.6925
	Batch 2790 | BCE Loss: 0.6937
	Batch 2800 | BCE Loss: 0.6928
	Batch 2810 | BCE Loss: 0.6934
	Batch 2820 | BCE Loss: 0.6931
	Batch 2830 | BCE Loss: 0.6930
	Batch 2840 | BCE Loss: 0.6932
	Batch 2850 | BCE Loss: 0.6933
	Batch 2860 | BCE Loss: 0.6929
	Batch 2870 | BCE Loss: 0.6921
	Batch 2880 | BCE Loss: 0.6934
	Batch 2890 | BCE Loss: 0.6936
	Batch 2900 | BCE Loss: 0.6934
	Batch 2910 | BCE Loss: 0.6934
	Batch 2920 | BCE Loss: 0.6931
	Batch 2930 | BCE Loss: 0.6933
	Batch 2940 | BCE Loss: 0.6931
	Batch 2950 | BCE Loss: 0.6932
	Batch 2960 | BCE Loss: 0.6929
	Batch 2970 | BCE Loss: 0.6927
	Batch 2980 | BCE Loss: 0.6929
	Batch 2990 | BCE Loss: 0.6932
	Batch 3000 | BCE Loss: 0.6931
	Batch 3010 | BCE Loss: 0.6932
	Batch 3020 | BCE Loss: 0.6935
	Batch 3030 | BCE Loss: 0.6931
	Batch 3040 | BCE Loss: 0.6928
	Batch 3050 | BCE Loss: 0.6932
	Batch 3060 | BCE Loss: 0.6928
	Batch 3070 | BCE Loss: 0.6937
	Batch 3080 | BCE Loss: 0.6932
Train metrics:
	accuracy: 0.498
	precision: 0.500
	recall: 0.544
	f1: 0.521
	AUROC: 0.498
	AUPRC: 0.500
	loss: 2140.917
Test metrics:
	accuracy: 0.004
	precision: 0.004
	recall: 1.000
	f1: 0.009
	AUROC: 0.521
	AUPRC: 0.005
	loss: 537.063
Epoch #1:
	Batch 0 | BCE Loss: 0.6929
	Batch 10 | BCE Loss: 0.6933
	Batch 20 | BCE Loss: 0.6933
	Batch 30 | BCE Loss: 0.6933
	Batch 40 | BCE Loss: 0.6936
	Batch 50 | BCE Loss: 0.6947
	Batch 60 | BCE Loss: 0.6921
	Batch 70 | BCE Loss: 0.6946
	Batch 80 | BCE Loss: 0.6929
	Batch 90 | BCE Loss: 0.6932
	Batch 100 | BCE Loss: 0.6933
	Batch 110 | BCE Loss: 0.6918
	Batch 120 | BCE Loss: 0.6930
	Batch 130 | BCE Loss: 0.6942
	Batch 140 | BCE Loss: 0.6933
	Batch 150 | BCE Loss: 0.6936
	Batch 160 | BCE Loss: 0.6930
	Batch 170 | BCE Loss: 0.6931
	Batch 180 | BCE Loss: 0.6931
	Batch 190 | BCE Loss: 0.6933
	Batch 200 | BCE Loss: 0.6929
	Batch 210 | BCE Loss: 0.6933
	Batch 220 | BCE Loss: 0.6934
	Batch 230 | BCE Loss: 0.6943
	Batch 240 | BCE Loss: 0.6938
	Batch 250 | BCE Loss: 0.6916
	Batch 260 | BCE Loss: 0.6944
	Batch 270 | BCE Loss: 0.6921
	Batch 280 | BCE Loss: 0.6918
	Batch 290 | BCE Loss: 0.6947
	Batch 300 | BCE Loss: 0.6929
	Batch 310 | BCE Loss: 0.6940
	Batch 320 | BCE Loss: 0.6926
	Batch 330 | BCE Loss: 0.6934
	Batch 340 | BCE Loss: 0.6930
	Batch 350 | BCE Loss: 0.6940
	Batch 360 | BCE Loss: 0.6927
	Batch 370 | BCE Loss: 0.6939
	Batch 380 | BCE Loss: 0.6927
	Batch 390 | BCE Loss: 0.6930
	Batch 400 | BCE Loss: 0.6938
	Batch 410 | BCE Loss: 0.6934
	Batch 420 | BCE Loss: 0.6920
	Batch 430 | BCE Loss: 0.6921
	Batch 440 | BCE Loss: 0.6944
	Batch 450 | BCE Loss: 0.6941
	Batch 460 | BCE Loss: 0.6929
	Batch 470 | BCE Loss: 0.6931
	Batch 480 | BCE Loss: 0.6931
	Batch 490 | BCE Loss: 0.6929
	Batch 500 | BCE Loss: 0.6931
	Batch 510 | BCE Loss: 0.6932
	Batch 520 | BCE Loss: 0.6931
	Batch 530 | BCE Loss: 0.6924
	Batch 540 | BCE Loss: 0.6935
	Batch 550 | BCE Loss: 0.6937
	Batch 560 | BCE Loss: 0.6932
	Batch 570 | BCE Loss: 0.6933
	Batch 580 | BCE Loss: 0.6934
	Batch 590 | BCE Loss: 0.6930
	Batch 600 | BCE Loss: 0.6933
	Batch 610 | BCE Loss: 0.6931
	Batch 620 | BCE Loss: 0.6933
	Batch 630 | BCE Loss: 0.6932
	Batch 640 | BCE Loss: 0.6932
	Batch 650 | BCE Loss: 0.6933
	Batch 660 | BCE Loss: 0.6929
	Batch 670 | BCE Loss: 0.6928
	Batch 680 | BCE Loss: 0.6938
	Batch 690 | BCE Loss: 0.6930
	Batch 700 | BCE Loss: 0.6929
	Batch 710 | BCE Loss: 0.6931
	Batch 720 | BCE Loss: 0.6929
	Batch 730 | BCE Loss: 0.6935
	Batch 740 | BCE Loss: 0.6932
	Batch 750 | BCE Loss: 0.6933
	Batch 760 | BCE Loss: 0.6931
	Batch 770 | BCE Loss: 0.6932
	Batch 780 | BCE Loss: 0.6925
	Batch 790 | BCE Loss: 0.6942
	Batch 800 | BCE Loss: 0.6921
	Batch 810 | BCE Loss: 0.6935
	Batch 820 | BCE Loss: 0.6916
	Batch 830 | BCE Loss: 0.6928
	Batch 840 | BCE Loss: 0.6930
	Batch 850 | BCE Loss: 0.6940
	Batch 860 | BCE Loss: 0.6941
	Batch 870 | BCE Loss: 0.6934
	Batch 880 | BCE Loss: 0.6938
	Batch 890 | BCE Loss: 0.6926
	Batch 900 | BCE Loss: 0.6940
	Batch 910 | BCE Loss: 0.6917
	Batch 920 | BCE Loss: 0.6936
	Batch 930 | BCE Loss: 0.6933
	Batch 940 | BCE Loss: 0.6946
	Batch 950 | BCE Loss: 0.6926
	Batch 960 | BCE Loss: 0.6938
	Batch 970 | BCE Loss: 0.6914
	Batch 980 | BCE Loss: 0.6930
	Batch 990 | BCE Loss: 0.6932
	Batch 1000 | BCE Loss: 0.6937
	Batch 1010 | BCE Loss: 0.6937
	Batch 1020 | BCE Loss: 0.6927
	Batch 1030 | BCE Loss: 0.6931
	Batch 1040 | BCE Loss: 0.6922
	Batch 1050 | BCE Loss: 0.6930
	Batch 1060 | BCE Loss: 0.6944
	Batch 1070 | BCE Loss: 0.6950
	Batch 1080 | BCE Loss: 0.6954
	Batch 1090 | BCE Loss: 0.6945
	Batch 1100 | BCE Loss: 0.6924
	Batch 1110 | BCE Loss: 0.6937
	Batch 1120 | BCE Loss: 0.6914
	Batch 1130 | BCE Loss: 0.6918
	Batch 1140 | BCE Loss: 0.6898
	Batch 1150 | BCE Loss: 0.6909
	Batch 1160 | BCE Loss: 0.6920
	Batch 1170 | BCE Loss: 0.6959
	Batch 1180 | BCE Loss: 0.6946
	Batch 1190 | BCE Loss: 0.6937
	Batch 1200 | BCE Loss: 0.6936
	Batch 1210 | BCE Loss: 0.6932
	Batch 1220 | BCE Loss: 0.6922
	Batch 1230 | BCE Loss: 0.6933
	Batch 1240 | BCE Loss: 0.6953
	Batch 1250 | BCE Loss: 0.6929
	Batch 1260 | BCE Loss: 0.6937
	Batch 1270 | BCE Loss: 0.6928
	Batch 1280 | BCE Loss: 0.6966
	Batch 1290 | BCE Loss: 0.6937
	Batch 1300 | BCE Loss: 0.6958
	Batch 1310 | BCE Loss: 0.6932
	Batch 1320 | BCE Loss: 0.6941
	Batch 1330 | BCE Loss: 0.6926
	Batch 1340 | BCE Loss: 0.6914
	Batch 1350 | BCE Loss: 0.6925
	Batch 1360 | BCE Loss: 0.6927
	Batch 1370 | BCE Loss: 0.6924
	Batch 1380 | BCE Loss: 0.6923
	Batch 1390 | BCE Loss: 0.6925
	Batch 1400 | BCE Loss: 0.6928
	Batch 1410 | BCE Loss: 0.6932
	Batch 1420 | BCE Loss: 0.6941
	Batch 1430 | BCE Loss: 0.6912
	Batch 1440 | BCE Loss: 0.6943
	Batch 1450 | BCE Loss: 0.6909
	Batch 1460 | BCE Loss: 0.6926
	Batch 1470 | BCE Loss: 0.6947
	Batch 1480 | BCE Loss: 0.6910
	Batch 1490 | BCE Loss: 0.6935
	Batch 1500 | BCE Loss: 0.6941
	Batch 1510 | BCE Loss: 0.6935
	Batch 1520 | BCE Loss: 0.6934
	Batch 1530 | BCE Loss: 0.6932
	Batch 1540 | BCE Loss: 0.6913
	Batch 1550 | BCE Loss: 0.6932
	Batch 1560 | BCE Loss: 0.6941
	Batch 1570 | BCE Loss: 0.6921
	Batch 1580 | BCE Loss: 0.6936
	Batch 1590 | BCE Loss: 0.6943
	Batch 1600 | BCE Loss: 0.6932
	Batch 1610 | BCE Loss: 0.6930
	Batch 1620 | BCE Loss: 0.6941
	Batch 1630 | BCE Loss: 0.6932
	Batch 1640 | BCE Loss: 0.6924
	Batch 1650 | BCE Loss: 0.6934
	Batch 1660 | BCE Loss: 0.6934
	Batch 1670 | BCE Loss: 0.6927
	Batch 1680 | BCE Loss: 0.6929
	Batch 1690 | BCE Loss: 0.6932
	Batch 1700 | BCE Loss: 0.6931
	Batch 1710 | BCE Loss: 0.6932
	Batch 1720 | BCE Loss: 0.6932
	Batch 1730 | BCE Loss: 0.6934
	Batch 1740 | BCE Loss: 0.6934
	Batch 1750 | BCE Loss: 0.6932
	Batch 1760 | BCE Loss: 0.6930
	Batch 1770 | BCE Loss: 0.6935
	Batch 1780 | BCE Loss: 0.6930
	Batch 1790 | BCE Loss: 0.6932
	Batch 1800 | BCE Loss: 0.6931
	Batch 1810 | BCE Loss: 0.6931
	Batch 1820 | BCE Loss: 0.6932
	Batch 1830 | BCE Loss: 0.6933
	Batch 1840 | BCE Loss: 0.6934
	Batch 1850 | BCE Loss: 0.6932
	Batch 1860 | BCE Loss: 0.6933
	Batch 1870 | BCE Loss: 0.6939
	Batch 1880 | BCE Loss: 0.6926
	Batch 1890 | BCE Loss: 0.6932
	Batch 1900 | BCE Loss: 0.6938
	Batch 1910 | BCE Loss: 0.6929
	Batch 1920 | BCE Loss: 0.6930
	Batch 1930 | BCE Loss: 0.6939
	Batch 1940 | BCE Loss: 0.6923
	Batch 1950 | BCE Loss: 0.6943
	Batch 1960 | BCE Loss: 0.6928
	Batch 1970 | BCE Loss: 0.6934
	Batch 1980 | BCE Loss: 0.6941
	Batch 1990 | BCE Loss: 0.6932
	Batch 2000 | BCE Loss: 0.6932
	Batch 2010 | BCE Loss: 0.6918
	Batch 2020 | BCE Loss: 0.6934
	Batch 2030 | BCE Loss: 0.6926
	Batch 2040 | BCE Loss: 0.6932
	Batch 2050 | BCE Loss: 0.6938
	Batch 2060 | BCE Loss: 0.6936
	Batch 2070 | BCE Loss: 0.6936
	Batch 2080 | BCE Loss: 0.6932
	Batch 2090 | BCE Loss: 0.6927
	Batch 2100 | BCE Loss: 0.6928
	Batch 2110 | BCE Loss: 0.6932
	Batch 2120 | BCE Loss: 0.6931
	Batch 2130 | BCE Loss: 0.6933
	Batch 2140 | BCE Loss: 0.6932
	Batch 2150 | BCE Loss: 0.6932
	Batch 2160 | BCE Loss: 0.6931
	Batch 2170 | BCE Loss: 0.6932
	Batch 2180 | BCE Loss: 0.6932
	Batch 2190 | BCE Loss: 0.6932
	Batch 2200 | BCE Loss: 0.6932
	Batch 2210 | BCE Loss: 0.6931
	Batch 2220 | BCE Loss: 0.6935
	Batch 2230 | BCE Loss: 0.6928
	Batch 2240 | BCE Loss: 0.6924
	Batch 2250 | BCE Loss: 0.6928
	Batch 2260 | BCE Loss: 0.6935
	Batch 2270 | BCE Loss: 0.6938
	Batch 2280 | BCE Loss: 0.6932
	Batch 2290 | BCE Loss: 0.6932
	Batch 2300 | BCE Loss: 0.6929
	Batch 2310 | BCE Loss: 0.6926
	Batch 2320 | BCE Loss: 0.6933
	Batch 2330 | BCE Loss: 0.6937
	Batch 2340 | BCE Loss: 0.6928
	Batch 2350 | BCE Loss: 0.6931
	Batch 2360 | BCE Loss: 0.6929
	Batch 2370 | BCE Loss: 0.6922
	Batch 2380 | BCE Loss: 0.6935
	Batch 2390 | BCE Loss: 0.6926
	Batch 2400 | BCE Loss: 0.6939
	Batch 2410 | BCE Loss: 0.6930
	Batch 2420 | BCE Loss: 0.6928
	Batch 2430 | BCE Loss: 0.6926
	Batch 2440 | BCE Loss: 0.6938
	Batch 2450 | BCE Loss: 0.6931
	Batch 2460 | BCE Loss: 0.6932
	Batch 2470 | BCE Loss: 0.6931
	Batch 2480 | BCE Loss: 0.6931
	Batch 2490 | BCE Loss: 0.6932
	Batch 2500 | BCE Loss: 0.6931
	Batch 2510 | BCE Loss: 0.6931
	Batch 2520 | BCE Loss: 0.6933
	Batch 2530 | BCE Loss: 0.6932
	Batch 2540 | BCE Loss: 0.6931
	Batch 2550 | BCE Loss: 0.6931
	Batch 2560 | BCE Loss: 0.6931
	Batch 2570 | BCE Loss: 0.6932
	Batch 2580 | BCE Loss: 0.6930
	Batch 2590 | BCE Loss: 0.6931
	Batch 2600 | BCE Loss: 0.6931
	Batch 2610 | BCE Loss: 0.6931
	Batch 2620 | BCE Loss: 0.6931
	Batch 2630 | BCE Loss: 0.6931
	Batch 2640 | BCE Loss: 0.6931
	Batch 2650 | BCE Loss: 0.6933
	Batch 2660 | BCE Loss: 0.6933
	Batch 2670 | BCE Loss: 0.6930
	Batch 2680 | BCE Loss: 0.6931
	Batch 2690 | BCE Loss: 0.6930
	Batch 2700 | BCE Loss: 0.6929
	Batch 2710 | BCE Loss: 0.6931
	Batch 2720 | BCE Loss: 0.6932
	Batch 2730 | BCE Loss: 0.6932
	Batch 2740 | BCE Loss: 0.6932
	Batch 2750 | BCE Loss: 0.6926
	Batch 2760 | BCE Loss: 0.6937
	Batch 2770 | BCE Loss: 0.6934
	Batch 2780 | BCE Loss: 0.6923
	Batch 2790 | BCE Loss: 0.6927
	Batch 2800 | BCE Loss: 0.6934
	Batch 2810 | BCE Loss: 0.6936
	Batch 2820 | BCE Loss: 0.6929
	Batch 2830 | BCE Loss: 0.6912
	Batch 2840 | BCE Loss: 0.6929
	Batch 2850 | BCE Loss: 0.6935
	Batch 2860 | BCE Loss: 0.6932
	Batch 2870 | BCE Loss: 0.6927
	Batch 2880 | BCE Loss: 0.6939
	Batch 2890 | BCE Loss: 0.6949
	Batch 2900 | BCE Loss: 0.6929
	Batch 2910 | BCE Loss: 0.6932
	Batch 2920 | BCE Loss: 0.6944
	Batch 2930 | BCE Loss: 0.6932
	Batch 2940 | BCE Loss: 0.6932
	Batch 2950 | BCE Loss: 0.6935
	Batch 2960 | BCE Loss: 0.6937
	Batch 2970 | BCE Loss: 0.6938
	Batch 2980 | BCE Loss: 0.6927
	Batch 2990 | BCE Loss: 0.6936
	Batch 3000 | BCE Loss: 0.6934
	Batch 3010 | BCE Loss: 0.6932
	Batch 3020 | BCE Loss: 0.6940
	Batch 3030 | BCE Loss: 0.6923
	Batch 3040 | BCE Loss: 0.6946
	Batch 3050 | BCE Loss: 0.6932
	Batch 3060 | BCE Loss: 0.6932
	Batch 3070 | BCE Loss: 0.6938
	Batch 3080 | BCE Loss: 0.6928
Train metrics:
	accuracy: 0.501
	precision: 0.499
	recall: 0.229
	f1: 0.313
	AUROC: 0.499
	AUPRC: 0.498
	loss: 2139.832
Test metrics:
	accuracy: 0.996
	precision: 0.000
	recall: 0.000
	f1: 0.000
	AUROC: 0.522
	AUPRC: 0.005
	loss: 534.294
Epoch #2:
	Batch 0 | BCE Loss: 0.6930
	Batch 10 | BCE Loss: 0.6931
	Batch 20 | BCE Loss: 0.6933
	Batch 30 | BCE Loss: 0.6932
	Batch 40 | BCE Loss: 0.6930
	Batch 50 | BCE Loss: 0.6923
	Batch 60 | BCE Loss: 0.6931
	Batch 70 | BCE Loss: 0.6930
	Batch 80 | BCE Loss: 0.6929
	Batch 90 | BCE Loss: 0.6932
	Batch 100 | BCE Loss: 0.6924
	Batch 110 | BCE Loss: 0.6933
	Batch 120 | BCE Loss: 0.6930
	Batch 130 | BCE Loss: 0.6947
	Batch 140 | BCE Loss: 0.6931
	Batch 150 | BCE Loss: 0.6927
	Batch 160 | BCE Loss: 0.6886
	Batch 170 | BCE Loss: 0.6905
	Batch 180 | BCE Loss: 0.6924
	Batch 190 | BCE Loss: 0.6954
	Batch 200 | BCE Loss: 0.6953
	Batch 210 | BCE Loss: 0.6920
	Batch 220 | BCE Loss: 0.6938
	Batch 230 | BCE Loss: 0.6930
	Batch 240 | BCE Loss: 0.6933
	Batch 250 | BCE Loss: 0.6927
	Batch 260 | BCE Loss: 0.6932
	Batch 270 | BCE Loss: 0.6935
	Batch 280 | BCE Loss: 0.6850
	Batch 290 | BCE Loss: 0.6913
	Batch 300 | BCE Loss: 0.7017
	Batch 310 | BCE Loss: 0.6944
	Batch 320 | BCE Loss: 0.6937
	Batch 330 | BCE Loss: 0.6930
	Batch 340 | BCE Loss: 0.6940
	Batch 350 | BCE Loss: 0.6936
	Batch 360 | BCE Loss: 0.6975
	Batch 370 | BCE Loss: 0.6926
	Batch 380 | BCE Loss: 0.6922
	Batch 390 | BCE Loss: 0.6931
	Batch 400 | BCE Loss: 0.6932
	Batch 410 | BCE Loss: 0.6925
	Batch 420 | BCE Loss: 0.6933
	Batch 430 | BCE Loss: 0.6904
	Batch 440 | BCE Loss: 0.6932
	Batch 450 | BCE Loss: 0.6932
	Batch 460 | BCE Loss: 0.6932
	Batch 470 | BCE Loss: 0.6932
	Batch 480 | BCE Loss: 0.6932
	Batch 490 | BCE Loss: 0.6933
	Batch 500 | BCE Loss: 0.6932
	Batch 510 | BCE Loss: 0.6930
	Batch 520 | BCE Loss: 0.6934
	Batch 530 | BCE Loss: 0.6928
	Batch 540 | BCE Loss: 0.6929
	Batch 550 | BCE Loss: 0.6929
	Batch 560 | BCE Loss: 0.6932
	Batch 570 | BCE Loss: 0.6928
	Batch 580 | BCE Loss: 0.6931
	Batch 590 | BCE Loss: 0.6930
	Batch 600 | BCE Loss: 0.6932
	Batch 610 | BCE Loss: 0.6930
	Batch 620 | BCE Loss: 0.6932
	Batch 630 | BCE Loss: 0.6933
	Batch 640 | BCE Loss: 0.6927
	Batch 650 | BCE Loss: 0.6935
	Batch 660 | BCE Loss: 0.6932
	Batch 670 | BCE Loss: 0.6931
	Batch 680 | BCE Loss: 0.6930
	Batch 690 | BCE Loss: 0.6934
	Batch 700 | BCE Loss: 0.6937
	Batch 710 | BCE Loss: 0.6934
	Batch 720 | BCE Loss: 0.6930
	Batch 730 | BCE Loss: 0.6930
	Batch 740 | BCE Loss: 0.6930
	Batch 750 | BCE Loss: 0.6931
	Batch 760 | BCE Loss: 0.6931
	Batch 770 | BCE Loss: 0.6929
	Batch 780 | BCE Loss: 0.6931
	Batch 790 | BCE Loss: 0.6940
	Batch 800 | BCE Loss: 0.6930
	Batch 810 | BCE Loss: 0.6932
	Batch 820 | BCE Loss: 0.6931
	Batch 830 | BCE Loss: 0.6931
	Batch 840 | BCE Loss: 0.6930
	Batch 850 | BCE Loss: 0.6930
	Batch 860 | BCE Loss: 0.6932
	Batch 870 | BCE Loss: 0.6932
	Batch 880 | BCE Loss: 0.6932
	Batch 890 | BCE Loss: 0.6931
	Batch 900 | BCE Loss: 0.6932
	Batch 910 | BCE Loss: 0.6933
	Batch 920 | BCE Loss: 0.6931
	Batch 930 | BCE Loss: 0.6930
	Batch 940 | BCE Loss: 0.6936
	Batch 950 | BCE Loss: 0.6934
	Batch 960 | BCE Loss: 0.6937
	Batch 970 | BCE Loss: 0.6931
	Batch 980 | BCE Loss: 0.6932
	Batch 990 | BCE Loss: 0.6931
	Batch 1000 | BCE Loss: 0.6931
	Batch 1010 | BCE Loss: 0.6929
	Batch 1020 | BCE Loss: 0.6931
	Batch 1030 | BCE Loss: 0.6931
	Batch 1040 | BCE Loss: 0.6931
	Batch 1050 | BCE Loss: 0.6931
	Batch 1060 | BCE Loss: 0.6932
	Batch 1070 | BCE Loss: 0.6931
	Batch 1080 | BCE Loss: 0.6931
	Batch 1090 | BCE Loss: 0.6929
	Batch 1100 | BCE Loss: 0.6935
	Batch 1110 | BCE Loss: 0.6940
	Batch 1120 | BCE Loss: 0.6921
	Batch 1130 | BCE Loss: 0.6930
	Batch 1140 | BCE Loss: 0.6929
	Batch 1150 | BCE Loss: 0.6933
	Batch 1160 | BCE Loss: 0.6935
	Batch 1170 | BCE Loss: 0.6928
	Batch 1180 | BCE Loss: 0.6928
	Batch 1190 | BCE Loss: 0.6933
	Batch 1200 | BCE Loss: 0.6941
	Batch 1210 | BCE Loss: 0.6933
	Batch 1220 | BCE Loss: 0.6931
	Batch 1230 | BCE Loss: 0.6933
	Batch 1240 | BCE Loss: 0.6930
	Batch 1250 | BCE Loss: 0.6933
	Batch 1260 | BCE Loss: 0.6931
	Batch 1270 | BCE Loss: 0.6932
	Batch 1280 | BCE Loss: 0.6932
	Batch 1290 | BCE Loss: 0.6931
	Batch 1300 | BCE Loss: 0.6935
	Batch 1310 | BCE Loss: 0.6928
	Batch 1320 | BCE Loss: 0.6933
	Batch 1330 | BCE Loss: 0.6930
	Batch 1340 | BCE Loss: 0.6930
	Batch 1350 | BCE Loss: 0.6933
	Batch 1360 | BCE Loss: 0.6930
	Batch 1370 | BCE Loss: 0.6933
	Batch 1380 | BCE Loss: 0.6929
	Batch 1390 | BCE Loss: 0.6938
	Batch 1400 | BCE Loss: 0.6953
	Batch 1410 | BCE Loss: 0.6936
	Batch 1420 | BCE Loss: 0.6938
	Batch 1430 | BCE Loss: 0.6933
	Batch 1440 | BCE Loss: 0.6930
	Batch 1450 | BCE Loss: 0.6935
	Batch 1460 | BCE Loss: 0.6934
	Batch 1470 | BCE Loss: 0.6930
	Batch 1480 | BCE Loss: 0.6932
	Batch 1490 | BCE Loss: 0.6930
	Batch 1500 | BCE Loss: 0.6932
	Batch 1510 | BCE Loss: 0.6929
	Batch 1520 | BCE Loss: 0.6934
	Batch 1530 | BCE Loss: 0.6938
	Batch 1540 | BCE Loss: 0.6937
	Batch 1550 | BCE Loss: 0.6935
	Batch 1560 | BCE Loss: 0.6936
	Batch 1570 | BCE Loss: 0.6937
	Batch 1580 | BCE Loss: 0.6942
	Batch 1590 | BCE Loss: 0.6924
	Batch 1600 | BCE Loss: 0.6930
	Batch 1610 | BCE Loss: 0.6927
	Batch 1620 | BCE Loss: 0.6936
	Batch 1630 | BCE Loss: 0.6935
	Batch 1640 | BCE Loss: 0.6924
	Batch 1650 | BCE Loss: 0.6930
	Batch 1660 | BCE Loss: 0.6935
	Batch 1670 | BCE Loss: 0.6920
	Batch 1680 | BCE Loss: 0.6932
	Batch 1690 | BCE Loss: 0.6927
	Batch 1700 | BCE Loss: 0.6922
	Batch 1710 | BCE Loss: 0.6934
	Batch 1720 | BCE Loss: 0.6926
	Batch 1730 | BCE Loss: 0.6935
	Batch 1740 | BCE Loss: 0.6930
	Batch 1750 | BCE Loss: 0.6936
	Batch 1760 | BCE Loss: 0.6935
	Batch 1770 | BCE Loss: 0.6930
	Batch 1780 | BCE Loss: 0.6932
	Batch 1790 | BCE Loss: 0.6931
	Batch 1800 | BCE Loss: 0.6930
	Batch 1810 | BCE Loss: 0.6931
	Batch 1820 | BCE Loss: 0.6934
	Batch 1830 | BCE Loss: 0.6931
	Batch 1840 | BCE Loss: 0.6931
	Batch 1850 | BCE Loss: 0.6931
	Batch 1860 | BCE Loss: 0.6931
	Batch 1870 | BCE Loss: 0.6932
	Batch 1880 | BCE Loss: 0.6931
	Batch 1890 | BCE Loss: 0.6931
	Batch 1900 | BCE Loss: 0.6929
	Batch 1910 | BCE Loss: 0.6932
	Batch 1920 | BCE Loss: 0.6934
	Batch 1930 | BCE Loss: 0.6932
	Batch 1940 | BCE Loss: 0.6932
	Batch 1950 | BCE Loss: 0.6930
	Batch 1960 | BCE Loss: 0.6935
	Batch 1970 | BCE Loss: 0.6932
	Batch 1980 | BCE Loss: 0.6931
	Batch 1990 | BCE Loss: 0.6932
	Batch 2000 | BCE Loss: 0.6932
	Batch 2010 | BCE Loss: 0.6932
	Batch 2020 | BCE Loss: 0.6931
	Batch 2030 | BCE Loss: 0.6931
	Batch 2040 | BCE Loss: 0.6931
	Batch 2050 | BCE Loss: 0.6934
	Batch 2060 | BCE Loss: 0.6931
	Batch 2070 | BCE Loss: 0.6929
	Batch 2080 | BCE Loss: 0.6934
	Batch 2090 | BCE Loss: 0.6934
	Batch 2100 | BCE Loss: 0.6931
	Batch 2110 | BCE Loss: 0.6936
	Batch 2120 | BCE Loss: 0.6931
	Batch 2130 | BCE Loss: 0.6933
	Batch 2140 | BCE Loss: 0.6930
	Batch 2150 | BCE Loss: 0.6929
	Batch 2160 | BCE Loss: 0.6934
	Batch 2170 | BCE Loss: 0.6933
	Batch 2180 | BCE Loss: 0.6932
	Batch 2190 | BCE Loss: 0.6933
	Batch 2200 | BCE Loss: 0.6931
	Batch 2210 | BCE Loss: 0.6928
	Batch 2220 | BCE Loss: 0.6930
	Batch 2230 | BCE Loss: 0.6930
	Batch 2240 | BCE Loss: 0.6933
	Batch 2250 | BCE Loss: 0.6936
	Batch 2260 | BCE Loss: 0.6930
	Batch 2270 | BCE Loss: 0.6929
	Batch 2280 | BCE Loss: 0.6934
	Batch 2290 | BCE Loss: 0.6929
	Batch 2300 | BCE Loss: 0.6930
	Batch 2310 | BCE Loss: 0.6937
	Batch 2320 | BCE Loss: 0.6932
	Batch 2330 | BCE Loss: 0.6930
	Batch 2340 | BCE Loss: 0.6931
	Batch 2350 | BCE Loss: 0.6930
	Batch 2360 | BCE Loss: 0.6931
	Batch 2370 | BCE Loss: 0.6933
	Batch 2380 | BCE Loss: 0.6932
	Batch 2390 | BCE Loss: 0.6931
	Batch 2400 | BCE Loss: 0.6931
	Batch 2410 | BCE Loss: 0.6931
	Batch 2420 | BCE Loss: 0.6931
	Batch 2430 | BCE Loss: 0.6929
	Batch 2440 | BCE Loss: 0.6931
	Batch 2450 | BCE Loss: 0.6931
	Batch 2460 | BCE Loss: 0.6931
	Batch 2470 | BCE Loss: 0.6929
	Batch 2480 | BCE Loss: 0.6928
	Batch 2490 | BCE Loss: 0.6926
	Batch 2500 | BCE Loss: 0.6933
	Batch 2510 | BCE Loss: 0.6946
	Batch 2520 | BCE Loss: 0.6925
	Batch 2530 | BCE Loss: 0.6946
	Batch 2540 | BCE Loss: 0.6932
	Batch 2550 | BCE Loss: 0.6921
	Batch 2560 | BCE Loss: 0.6949
	Batch 2570 | BCE Loss: 0.6935
	Batch 2580 | BCE Loss: 0.6920
	Batch 2590 | BCE Loss: 0.6926
	Batch 2600 | BCE Loss: 0.6914
	Batch 2610 | BCE Loss: 0.6910
	Batch 2620 | BCE Loss: 0.6928
	Batch 2630 | BCE Loss: 0.6945
	Batch 2640 | BCE Loss: 0.6956
	Batch 2650 | BCE Loss: 0.6950
	Batch 2660 | BCE Loss: 0.6916
	Batch 2670 | BCE Loss: 0.6942
	Batch 2680 | BCE Loss: 0.6923
	Batch 2690 | BCE Loss: 0.6920
	Batch 2700 | BCE Loss: 0.6945
	Batch 2710 | BCE Loss: 0.6916
	Batch 2720 | BCE Loss: 0.6930
	Batch 2730 | BCE Loss: 0.6937
	Batch 2740 | BCE Loss: 0.6929
	Batch 2750 | BCE Loss: 0.6932
	Batch 2760 | BCE Loss: 0.6934
	Batch 2770 | BCE Loss: 0.6928
	Batch 2780 | BCE Loss: 0.6937
	Batch 2790 | BCE Loss: 0.6931
	Batch 2800 | BCE Loss: 0.6935
	Batch 2810 | BCE Loss: 0.6929
	Batch 2820 | BCE Loss: 0.6934
	Batch 2830 | BCE Loss: 0.6927
	Batch 2840 | BCE Loss: 0.6930
	Batch 2850 | BCE Loss: 0.6929
	Batch 2860 | BCE Loss: 0.6927
	Batch 2870 | BCE Loss: 0.6926
	Batch 2880 | BCE Loss: 0.6919
	Batch 2890 | BCE Loss: 0.6934
	Batch 2900 | BCE Loss: 0.6914
	Batch 2910 | BCE Loss: 0.6920
	Batch 2920 | BCE Loss: 0.6916
	Batch 2930 | BCE Loss: 0.6914
	Batch 2940 | BCE Loss: 0.6925
	Batch 2950 | BCE Loss: 0.6949
	Batch 2960 | BCE Loss: 0.6921
	Batch 2970 | BCE Loss: 0.6939
	Batch 2980 | BCE Loss: 0.6940
	Batch 2990 | BCE Loss: 0.6924
	Batch 3000 | BCE Loss: 0.6936
	Batch 3010 | BCE Loss: 0.6928
	Batch 3020 | BCE Loss: 0.6940
	Batch 3030 | BCE Loss: 0.6933
	Batch 3040 | BCE Loss: 0.6924
	Batch 3050 | BCE Loss: 0.6936
	Batch 3060 | BCE Loss: 0.6934
	Batch 3070 | BCE Loss: 0.6937
	Batch 3080 | BCE Loss: 0.6930
Train metrics:
	accuracy: 0.500
	precision: 0.501
	recall: 0.628
	f1: 0.557
	AUROC: 0.499
	AUPRC: 0.500
	loss: 2139.935
Test metrics:
	accuracy: 0.004
	precision: 0.004
	recall: 1.000
	f1: 0.009
	AUROC: 0.523
	AUPRC: 0.005
	loss: 538.519
Epoch #3:
	Batch 0 | BCE Loss: 0.6927
	Batch 10 | BCE Loss: 0.6928
	Batch 20 | BCE Loss: 0.6934
	Batch 30 | BCE Loss: 0.6926
	Batch 40 | BCE Loss: 0.6940
	Batch 50 | BCE Loss: 0.6925
	Batch 60 | BCE Loss: 0.6921
	Batch 70 | BCE Loss: 0.6938
	Batch 80 | BCE Loss: 0.6936
	Batch 90 | BCE Loss: 0.6932
	Batch 100 | BCE Loss: 0.6929
	Batch 110 | BCE Loss: 0.6939
	Batch 120 | BCE Loss: 0.6932
	Batch 130 | BCE Loss: 0.6925
	Batch 140 | BCE Loss: 0.6928
	Batch 150 | BCE Loss: 0.6931
	Batch 160 | BCE Loss: 0.6940
	Batch 170 | BCE Loss: 0.6931
